[    0.000000] Linux version 4.15.0-212-generic (buildd@lcy02-amd64-083) (gcc version 7.5.0 (Ubuntu 7.5.0-3ubuntu1~18.04)) #223-Ubuntu SMP Tue May 23 13:09:22 UTC 2023 (Ubuntu 4.15.0-212.223-generic 4.15.18)
[    0.000000] Command line: BOOT_IMAGE=/boot/vmlinuz-4.15.0-212-generic root=LABEL=cloudimg-rootfs ro console=tty1 console=ttyS0
[    0.000000] KERNEL supported cpus:
[    0.000000]   Intel GenuineIntel
[    0.000000]   AMD AuthenticAMD
[    0.000000]   Centaur CentaurHauls
[    0.000000] [Firmware Bug]: TSC doesn't count with P0 frequency!
[    0.000000] x86/fpu: Supporting XSAVE feature 0x001: 'x87 floating point registers'
[    0.000000] x86/fpu: Supporting XSAVE feature 0x002: 'SSE registers'
[    0.000000] x86/fpu: Supporting XSAVE feature 0x004: 'AVX registers'
[    0.000000] x86/fpu: xstate_offset[2]:  576, xstate_sizes[2]:  256
[    0.000000] x86/fpu: Enabled xstate features 0x7, context size is 832 bytes, using 'standard' format.
[    0.000000] e820: BIOS-provided physical RAM map:
[    0.000000] BIOS-e820: [mem 0x0000000000000000-0x000000000009fbff] usable
[    0.000000] BIOS-e820: [mem 0x000000000009fc00-0x000000000009ffff] reserved
[    0.000000] BIOS-e820: [mem 0x00000000000f0000-0x00000000000fffff] reserved
[    0.000000] BIOS-e820: [mem 0x0000000000100000-0x00000000dffeffff] usable
[    0.000000] BIOS-e820: [mem 0x00000000dfff0000-0x00000000dfffffff] ACPI data
[    0.000000] BIOS-e820: [mem 0x00000000fec00000-0x00000000fec00fff] reserved
[    0.000000] BIOS-e820: [mem 0x00000000fee00000-0x00000000fee00fff] reserved
[    0.000000] BIOS-e820: [mem 0x00000000fffc0000-0x00000000ffffffff] reserved
[    0.000000] BIOS-e820: [mem 0x0000000100000000-0x000000011fffffff] usable
[    0.000000] NX (Execute Disable) protection: active
[    0.000000] SMBIOS 2.5 present.
[    0.000000] DMI: innotek GmbH VirtualBox/VirtualBox, BIOS VirtualBox 12/01/2006
[    0.000000] Hypervisor detected: KVM
[    0.000000] e820: last_pfn = 0x120000 max_arch_pfn = 0x400000000
[    0.000000] x86/PAT: Configuration [0-7]: WB  WC  UC- UC  WB  WP  UC- WT  
[    0.000000] total RAM covered: 4096M
[    0.000000] Found optimal setting for mtrr clean up
[    0.000000]  gran_size: 64K 	chunk_size: 1G 	num_reg: 3  	lose cover RAM: 0G
[    0.000000] e820: last_pfn = 0xdfff0 max_arch_pfn = 0x400000000
[    0.000000] found SMP MP-table at [mem 0x0009fbf0-0x0009fbff]
[    0.000000] Scanning 1 areas for low memory corruption
[    0.000000] RAMDISK: [mem 0x359cb000-0x36cdcfff]
[    0.000000] ACPI: Early table checksum verification disabled
[    0.000000] ACPI: RSDP 0x00000000000E0000 000024 (v02 VBOX  )
[    0.000000] ACPI: XSDT 0x00000000DFFF0030 00003C (v01 VBOX   VBOXXSDT 00000001 ASL  00000061)
[    0.000000] ACPI: FACP 0x00000000DFFF00F0 0000F4 (v04 VBOX   VBOXFACP 00000001 ASL  00000061)
[    0.000000] ACPI: DSDT 0x00000000DFFF0610 002353 (v02 VBOX   VBOXBIOS 00000002 INTL 20200925)
[    0.000000] ACPI: FACS 0x00000000DFFF0200 000040
[    0.000000] ACPI: FACS 0x00000000DFFF0200 000040
[    0.000000] ACPI: APIC 0x00000000DFFF0240 000054 (v02 VBOX   VBOXAPIC 00000001 ASL  00000061)
[    0.000000] ACPI: SSDT 0x00000000DFFF02A0 00036C (v01 VBOX   VBOXCPUT 00000002 INTL 20200925)
[    0.000000] ACPI: Reserving FACP table memory at [mem 0xdfff00f0-0xdfff01e3]
[    0.000000] ACPI: Reserving DSDT table memory at [mem 0xdfff0610-0xdfff2962]
[    0.000000] ACPI: Reserving FACS table memory at [mem 0xdfff0200-0xdfff023f]
[    0.000000] ACPI: Reserving FACS table memory at [mem 0xdfff0200-0xdfff023f]
[    0.000000] ACPI: Reserving APIC table memory at [mem 0xdfff0240-0xdfff0293]
[    0.000000] ACPI: Reserving SSDT table memory at [mem 0xdfff02a0-0xdfff060b]
[    0.000000] No NUMA configuration found
[    0.000000] Faking a node at [mem 0x0000000000000000-0x000000011fffffff]
[    0.000000] NODE_DATA(0) allocated [mem 0x11ffd1000-0x11fffbfff]
[    0.000000] kvm-clock: cpu 0, msr 1:1ff50001, primary cpu clock
[    0.000000] kvm-clock: Using msrs 4b564d01 and 4b564d00
[    0.000000] kvm-clock: using sched offset of 2920240621 cycles
[    0.000000] clocksource: kvm-clock: mask: 0xffffffffffffffff max_cycles: 0x1cd42e4dffb, max_idle_ns: 881590591483 ns
[    0.000000] Zone ranges:
[    0.000000]   DMA      [mem 0x0000000000001000-0x0000000000ffffff]
[    0.000000]   DMA32    [mem 0x0000000001000000-0x00000000ffffffff]
[    0.000000]   Normal   [mem 0x0000000100000000-0x000000011fffffff]
[    0.000000]   Device   empty
[    0.000000] Movable zone start for each node
[    0.000000] Early memory node ranges
[    0.000000]   node   0: [mem 0x0000000000001000-0x000000000009efff]
[    0.000000]   node   0: [mem 0x0000000000100000-0x00000000dffeffff]
[    0.000000]   node   0: [mem 0x0000000100000000-0x000000011fffffff]
[    0.000000] Reserved but unavailable: 104 pages
[    0.000000] Initmem setup node 0 [mem 0x0000000000001000-0x000000011fffffff]
[    0.000000] ACPI: PM-Timer IO Port: 0x4008
[    0.000000] IOAPIC[0]: apic_id 1, version 32, address 0xfec00000, GSI 0-23
[    0.000000] ACPI: INT_SRC_OVR (bus 0 bus_irq 0 global_irq 2 dfl dfl)
[    0.000000] ACPI: INT_SRC_OVR (bus 0 bus_irq 9 global_irq 9 low level)
[    0.000000] Using ACPI (MADT) for SMP configuration information
[    0.000000] smpboot: Allowing 1 CPUs, 0 hotplug CPUs
[    0.000000] PM: Registered nosave memory: [mem 0x00000000-0x00000fff]
[    0.000000] PM: Registered nosave memory: [mem 0x0009f000-0x0009ffff]
[    0.000000] PM: Registered nosave memory: [mem 0x000a0000-0x000effff]
[    0.000000] PM: Registered nosave memory: [mem 0x000f0000-0x000fffff]
[    0.000000] PM: Registered nosave memory: [mem 0xdfff0000-0xdfffffff]
[    0.000000] PM: Registered nosave memory: [mem 0xe0000000-0xfebfffff]
[    0.000000] PM: Registered nosave memory: [mem 0xfec00000-0xfec00fff]
[    0.000000] PM: Registered nosave memory: [mem 0xfec01000-0xfedfffff]
[    0.000000] PM: Registered nosave memory: [mem 0xfee00000-0xfee00fff]
[    0.000000] PM: Registered nosave memory: [mem 0xfee01000-0xfffbffff]
[    0.000000] PM: Registered nosave memory: [mem 0xfffc0000-0xffffffff]
[    0.000000] e820: [mem 0xe0000000-0xfebfffff] available for PCI devices
[    0.000000] Booting paravirtualized kernel on KVM
[    0.000000] clocksource: refined-jiffies: mask: 0xffffffff max_cycles: 0xffffffff, max_idle_ns: 7645519600211568 ns
[    0.000000] setup_percpu: NR_CPUS:8192 nr_cpumask_bits:1 nr_cpu_ids:1 nr_node_ids:1
[    0.000000] percpu: Embedded 50 pages/cpu s167936 r8192 d28672 u2097152
[    0.000000] PV qspinlock hash table entries: 256 (order: 0, 4096 bytes)
[    0.000000] Built 1 zonelists, mobility grouping on.  Total pages: 1032057
[    0.000000] Policy zone: Normal
[    0.000000] Kernel command line: BOOT_IMAGE=/boot/vmlinuz-4.15.0-212-generic root=LABEL=cloudimg-rootfs ro console=tty1 console=ttyS0
[    0.000000] Memory: 4013452K/4193848K available (12300K kernel code, 2477K rwdata, 4324K rodata, 2480K init, 2720K bss, 180396K reserved, 0K cma-reserved)
[    0.000000] SLUB: HWalign=64, Order=0-3, MinObjects=0, CPUs=1, Nodes=1
[    0.000000] ftrace: allocating 39508 entries in 155 pages
[    0.004000] Hierarchical RCU implementation.
[    0.004000] 	RCU restricting CPUs from NR_CPUS=8192 to nr_cpu_ids=1.
[    0.004000] 	Tasks RCU enabled.
[    0.004000] RCU: Adjusting geometry for rcu_fanout_leaf=16, nr_cpu_ids=1
[    0.004000] NR_IRQS: 524544, nr_irqs: 256, preallocated irqs: 16
[    0.004000] random: crng init done
[    0.004000] Console: colour VGA+ 80x25
[    0.004000] console [tty1] enabled
[    0.004000] console [ttyS0] enabled
[    0.004000] ACPI: Core revision 20170831
[    0.004000] ACPI: 2 ACPI AML tables successfully acquired and loaded
[    0.004000] APIC: Switch to symmetric I/O mode setup
[    0.004000] x2apic enabled
[    0.004000] Switched APIC routing to physical x2apic.
[    0.004000] ..TIMER: vector=0x30 apic1=0 pin1=2 apic2=-1 pin2=-1
[    0.004000] tsc: Detected 3792.864 MHz processor
[    0.004000] Calibrating delay loop (skipped) preset value.. 7585.72 BogoMIPS (lpj=15171456)
[    0.004000] pid_max: default: 32768 minimum: 301
[    0.004041] Security Framework initialized
[    0.004424] Yama: becoming mindful.
[    0.004800] AppArmor: AppArmor initialized
[    0.006455] Dentry cache hash table entries: 524288 (order: 10, 4194304 bytes)
[    0.008060] Inode-cache hash table entries: 262144 (order: 9, 2097152 bytes)
[    0.008666] Mount-cache hash table entries: 8192 (order: 4, 65536 bytes)
[    0.009221] Mountpoint-cache hash table entries: 8192 (order: 4, 65536 bytes)
[    0.009998] CPU0: Hyper-Threading is disabled
[    0.010432] Last level iTLB entries: 4KB 512, 2MB 512, 4MB 256
[    0.010914] Last level dTLB entries: 4KB 2048, 2MB 2048, 4MB 1024, 1GB 0
[    0.011458] Spectre V1 : Mitigation: usercopy/swapgs barriers and __user pointer sanitization
[    0.012000] Spectre V2 : Mitigation: Retpolines
[    0.012003] Spectre V2 : Spectre v2 / SpectreRSB mitigation: Filling RSB on context switch
[    0.012743] Spectre V2 : Spectre v2 / SpectreRSB : Filling RSB on VMEXIT
[    0.017997] Freeing SMP alternatives memory: 36K
[    0.128252] smpboot: CPU0: AMD Ryzen 7 5700G with Radeon Graphics (family: 0x19, model: 0x50, stepping: 0x0)
[    0.129267] Performance Events: PMU not available due to virtualization, using software events only.
[    0.130128] Hierarchical SRCU implementation.
[    0.131045] NMI watchdog: Perf event create on CPU 0 failed with -2
[    0.131582] NMI watchdog: Perf NMI watchdog permanently disabled
[    0.132000] smp: Bringing up secondary CPUs ...
[    0.132004] smp: Brought up 1 node, 1 CPU
[    0.132377] smpboot: Max logical packages: 1
[    0.132811] smpboot: Total of 1 processors activated (7585.72 BogoMIPS)
[    0.133692] devtmpfs: initialized
[    0.134081] x86/mm: Memory block size: 128MB
[    0.135390] evm: security.selinux
[    0.135745] evm: security.SMACK64
[    0.136008] evm: security.SMACK64EXEC
[    0.136360] evm: security.SMACK64TRANSMUTE
[    0.136747] evm: security.SMACK64MMAP
[    0.137089] evm: security.apparmor
[    0.137438] evm: security.ima
[    0.137741] evm: security.capability
[    0.138229] clocksource: jiffies: mask: 0xffffffff max_cycles: 0xffffffff, max_idle_ns: 7645041785100000 ns
[    0.139093] futex hash table entries: 256 (order: 2, 16384 bytes)
[    0.140068] pinctrl core: initialized pinctrl subsystem
[    0.140700] RTC time: 23:33:14, date: 04/30/26
[    0.144096] NET: Registered protocol family 16
[    0.144583] audit: initializing netlink subsys (disabled)
[    0.145184] cpuidle: using governor ladder
[    0.145564] cpuidle: using governor menu
[    0.146100] ACPI: bus type PCI registered
[    0.148005] acpiphp: ACPI Hot Plug PCI Controller Driver version: 0.5
[    0.148632] PCI: Using configuration type 1 for base access
[    0.149195] PCI: Using configuration type 1 for extended access
[    0.149819] audit: type=2000 audit(1777591998.803:1): state=initialized audit_enabled=0 res=1
[    0.151230] HugeTLB registered 2.00 MiB page size, pre-allocated 0 pages
[    0.152159] ACPI: Added _OSI(Module Device)
[    0.152547] ACPI: Added _OSI(Processor Device)
[    0.152970] ACPI: Added _OSI(3.0 _SCP Extensions)
[    0.153397] ACPI: Added _OSI(Processor Aggregator Device)
[    0.153924] ACPI: Added _OSI(Linux-Dell-Video)
[    0.154355] ACPI: Added _OSI(Linux-Lenovo-NV-HDMI-Audio)
[    0.154854] ACPI: Added _OSI(Linux-HPI-Hybrid-Graphics)
[    0.156148] ACPI: Executed 1 blocks of module-level executable AML code
[    0.158389] ACPI: Interpreter enabled
[    0.158765] ACPI: (supports S0 S5)
[    0.159102] ACPI: Using IOAPIC for interrupt routing
[    0.159722] PCI: Using host bridge windows from ACPI; if necessary, use "pci=nocrs" and report a bug
[    0.160098] ACPI: Enabled 2 GPEs in block 00 to 07
[    0.164031] ACPI: PCI Root Bridge [PCI0] (domain 0000 [bus 00-ff])
[    0.164614] acpi PNP0A03:00: _OSC: OS supports [ExtendedConfig ASPM ClockPM Segments MSI]
[    0.166637] acpi PNP0A03:00: _OSC: platform does not support [PCIeCapability]
[    0.167596] acpi PNP0A03:00: _OSC: not requesting control; platform does not support [PCIeCapability]
[    0.168004] acpi PNP0A03:00: _OSC: OS requested [PCIeHotplug PME AER PCIeCapability]
[    0.168729] acpi PNP0A03:00: _OSC: platform willing to grant [PCIeHotplug PME AER]
[    0.169457] acpi PNP0A03:00: _OSC failed (AE_SUPPORT); disabling ASPM
[    0.170244] PCI host bridge to bus 0000:00
[    0.170686] pci_bus 0000:00: root bus resource [io  0x0000-0x0cf7 window]
[    0.171346] pci_bus 0000:00: root bus resource [io  0x0d00-0xffff window]
[    0.172003] pci_bus 0000:00: root bus resource [mem 0x000a0000-0x000bffff window]
[    0.172743] pci_bus 0000:00: root bus resource [mem 0xe0000000-0xfdffffff window]
[    0.173421] pci_bus 0000:00: root bus resource [bus 00-ff]
[    0.174747] pci 0000:00:01.1: legacy IDE quirk: reg 0x10: [io  0x01f0-0x01f7]
[    0.175348] pci 0000:00:01.1: legacy IDE quirk: reg 0x14: [io  0x03f6]
[    0.176003] pci 0000:00:01.1: legacy IDE quirk: reg 0x18: [io  0x0170-0x0177]
[    0.176613] pci 0000:00:01.1: legacy IDE quirk: reg 0x1c: [io  0x0376]
[    0.204956] pci 0000:00:07.0: quirk: [io  0x4000-0x403f] claimed by PIIX4 ACPI
[    0.205737] pci 0000:00:07.0: quirk: [io  0x4100-0x410f] claimed by PIIX4 SMB
[    0.225069] ACPI: PCI Interrupt Link [LNKA] (IRQs 5 9 10 *11)
[    0.225995] ACPI: PCI Interrupt Link [LNKB] (IRQs 5 9 *10 11)
[    0.226626] ACPI: PCI Interrupt Link [LNKC] (IRQs 5 *9 10 11)
[    0.227194] ACPI: PCI Interrupt Link [LNKD] (IRQs 5 9 10 *11)
[    0.228296] SCSI subsystem initialized
[    0.228753] pci 0000:00:02.0: vgaarb: setting as boot VGA device
[    0.229268] pci 0000:00:02.0: vgaarb: VGA device added: decodes=io+mem,owns=io+mem,locks=none
[    0.230200] pci 0000:00:02.0: vgaarb: bridge control possible
[    0.230787] vgaarb: loaded
[    0.231091] ACPI: bus type USB registered
[    0.231504] usbcore: registered new interface driver usbfs
[    0.232015] usbcore: registered new interface driver hub
[    0.232645] usbcore: registered new device driver usb
[    0.233165] EDAC MC: Ver: 3.0.0
[    0.233655] PCI: Using ACPI for IRQ routing
[    0.234204] NetLabel: Initializing
[    0.234560] NetLabel:  domain hash size = 128
[    0.234959] NetLabel:  protocols = UNLABELED CIPSOv4 CALIPSO
[    0.236021] NetLabel:  unlabeled traffic allowed by default
[    0.236752] clocksource: Switched to clocksource kvm-clock
[    0.244443] VFS: Disk quotas dquot_6.6.0
[    0.244870] VFS: Dquot-cache hash table entries: 512 (order 0, 4096 bytes)
[    0.245661] AppArmor: AppArmor Filesystem Enabled
[    0.246233] pnp: PnP ACPI init
[    0.247151] pnp: PnP ACPI: found 3 devices
[    0.253371] clocksource: acpi_pm: mask: 0xffffff max_cycles: 0xffffff, max_idle_ns: 2085701024 ns
[    0.254205] NET: Registered protocol family 2
[    0.254668] IP idents hash table entries: 65536 (order: 7, 524288 bytes)
[    0.255481] TCP established hash table entries: 32768 (order: 6, 262144 bytes)
[    0.256191] TCP bind hash table entries: 32768 (order: 7, 524288 bytes)
[    0.256810] TCP: Hash tables configured (established 32768 bind 32768)
[    0.257417] UDP hash table entries: 2048 (order: 4, 65536 bytes)
[    0.257933] UDP-Lite hash table entries: 2048 (order: 4, 65536 bytes)
[    0.258519] NET: Registered protocol family 1
[    0.258934] pci 0000:00:00.0: Limiting direct PCI/PCI transfers
[    0.259453] pci 0000:00:01.0: Activating ISA DMA hang workarounds
[    0.259998] pci 0000:00:02.0: Video device with shadowed ROM at [mem 0x000c0000-0x000dffff]
[    0.260835] Unpacking initramfs...
[    0.433895] Freeing initrd memory: 19528K
[    0.434380] PCI-DMA: Using software bounce buffering for IO (SWIOTLB)
[    0.434964] software IO TLB: mapped [mem 0xdbff0000-0xdfff0000] (64MB)
[    0.435590] clocksource: tsc: mask: 0xffffffffffffffff max_cycles: 0x6d580438692, max_idle_ns: 881590420392 ns
[    0.436492] platform rtc_cmos: registered platform RTC device (no PNP device found)
[    0.437186] Scanning for low memory corruption every 60 seconds
[    0.438046] Initialise system trusted keyrings
[    0.438456] Key type blacklist registered
[    0.438854] workingset: timestamp_bits=36 max_order=20 bucket_order=0
[    0.439844] zbud: loaded
[    0.440348] squashfs: version 4.0 (2009/01/31) Phillip Lougher
[    0.440907] fuse init (API version 7.26)
[    0.442015] Key type asymmetric registered
[    0.442377] Asymmetric key parser 'x509' registered
[    0.442801] Block layer SCSI generic (bsg) driver version 0.4 loaded (major 246)
[    0.443448] io scheduler noop registered
[    0.443803] io scheduler deadline registered
[    0.444204] io scheduler cfq registered (default)
[    0.444766] ACPI: AC Adapter [AC] (on-line)
[    0.445157] input: Power Button as /devices/LNXSYSTM:00/LNXPWRBN:00/input/input0
[    0.445804] ACPI: Power Button [PWRF]
[    0.446166] input: Sleep Button as /devices/LNXSYSTM:00/LNXSLPBN:00/input/input1
[    0.446812] ACPI: Sleep Button [SLPF]
[    0.447259] Serial: 8250/16550 driver, 32 ports, IRQ sharing enabled
[    0.468113] 00:02: ttyS0 at I/O 0x3f8 (irq = 4, base_baud = 115200) is a 16550A
[    0.469501] Linux agpgart interface v0.103
[    0.470508] loop: module loaded
[    0.471113] scsi host0: ata_piix
[    0.471479] scsi host1: ata_piix
[    0.471815] ata1: PATA max UDMA/33 cmd 0x1f0 ctl 0x3f6 bmdma 0xd000 irq 14
[    0.472406] ata2: PATA max UDMA/33 cmd 0x170 ctl 0x376 bmdma 0xd008 irq 15
[    0.473150] tun: Universal TUN/TAP device driver, 1.6
[    0.473626] PPP generic driver version 2.4.2
[    0.474033] ehci_hcd: USB 2.0 'Enhanced' Host Controller (EHCI) Driver
[    0.474588] ehci-pci: EHCI PCI platform driver
[    0.474991] ehci-platform: EHCI generic platform driver
[    0.475557] ohci_hcd: USB 1.1 'Open' Host Controller (OHCI) Driver
[    0.476271] ohci-pci: OHCI PCI platform driver
[    0.476781] ohci-platform: OHCI generic platform driver
[    0.477255] uhci_hcd: USB Universal Host Controller Interface driver
[    0.477832] i8042: PNP: PS/2 Controller [PNP0303:PS2K,PNP0f03:PS2M] at 0x60,0x64 irq 1,12
[    0.479014] serio: i8042 KBD port at 0x60,0x64 irq 1
[    0.479478] serio: i8042 AUX port at 0x60,0x64 irq 12
[    0.479951] mousedev: PS/2 mouse device common for all mice
[    0.481078] input: AT Translated Set 2 keyboard as /devices/platform/i8042/serio0/input/input2
[    0.482082] rtc_cmos rtc_cmos: rtc core: registered rtc_cmos as rtc0
[    0.482776] rtc_cmos rtc_cmos: alarms up to one day, 114 bytes nvram
[    0.483319] i2c /dev entries driver
[    0.483690] device-mapper: uevent: version 1.0.3
[    0.484164] device-mapper: ioctl: 4.37.0-ioctl (2017-09-20) initialised: dm-devel@redhat.com
[    0.484874] ledtrig-cpu: registered to indicate activity on CPUs
[    0.485545] NET: Registered protocol family 10
[    0.487714] Segment Routing with IPv6
[    0.488080] NET: Registered protocol family 17
[    0.488535] Key type dns_resolver registered
[    0.488990] mce: Using 0 MCE banks
[    0.489363] RAS: Correctable Errors collector initialized.
[    0.489866] sched_clock: Marking stable (488503802, 0)->(632871676, -144367874)
[    0.490631] registered taskstats version 1
[    0.491019] Loading compiled-in X.509 certificates
[    0.492439] Loaded X.509 cert 'Build time autogenerated kernel key: b5b26778eaa3ab3a4a6cee031137706e947d12ad'
[    0.493739] Loaded X.509 cert 'Canonical Ltd. Live Patch Signing: 14df34d1a87cf37625abec039ef2bf521249b969'
[    0.494858] Loaded X.509 cert 'Canonical Ltd. Kernel Module Signing: 88f752e560a1e0737e31163a466ad7b70a850c19'
[    0.495704] blacklist: Loading compiled-in revocation X.509 certificates
[    0.496345] Loaded X.509 cert 'Canonical Ltd. Secure Boot Signing: 61482aa2830d0ab2ad5af10b7250da9033ddcef0'
[    0.497213] Loaded X.509 cert 'Canonical Ltd. Secure Boot Signing (2017): 242ade75ac4a15e50d50c84b0d45ff3eae707a03'
[    0.498092] Loaded X.509 cert 'Canonical Ltd. Secure Boot Signing (ESM 2018): 365188c1d374d6b07c3c8f240f8ef722433d6a8b'
[    0.499023] Loaded X.509 cert 'Canonical Ltd. Secure Boot Signing (2019): c0746fd6c5da3ae827864651ad66ae47fe24b3e8'
[    0.499912] Loaded X.509 cert 'Canonical Ltd. Secure Boot Signing (2021 v1): a8d54bbb3825cfb94fa13c9f8a594a195c107b8d'
[    0.500887] Loaded X.509 cert 'Canonical Ltd. Secure Boot Signing (2021 v2): 4cf046892d6fd3c9a5b03f98d845f90851dc6a8c'
[    0.501895] Loaded X.509 cert 'Canonical Ltd. Secure Boot Signing (2021 v3): 100437bb6de6e469b581e61cd66bce3ef4ed53af'
[    0.502836] Loaded X.509 cert 'Canonical Ltd. Secure Boot Signing (Ubuntu Core 2019): c1d57b8f6b743f23ee41f4f7ee292f06eecadfb9'
[    0.503849] zswap: loaded using pool lzo/zbud
[    0.506016] Key type big_key registered
[    0.506489] Key type trusted registered
[    0.507611] Key type encrypted registered
[    0.508002] AppArmor: AppArmor sha1 policy hashing enabled
[    0.508525] ima: No TPM chip found, activating TPM-bypass! (rc=-19)
[    0.509080] ima: Allocated hash algorithm: sha1
[    0.509559] evm: HMAC attrs: 0x1
[    0.510074]   Magic number: 6:713:606
[    0.510541] rtc_cmos rtc_cmos: setting system clock to 2026-04-30 23:33:14 UTC (1777591994)
[    0.511380] BIOS EDD facility v0.16 2004-Jun-25, 0 devices found
[    0.511930] EDD information not available.
[    0.655049] Freeing unused kernel image memory: 2480K
[    0.664015] Write protecting the kernel read-only data: 20480k
[    0.664986] Freeing unused kernel image memory: 2008K
[    0.665699] Freeing unused kernel image memory: 1820K
[    0.669278] x86/mm: Checked W+X mappings: passed, no W+X pages found.
Loading, please wait...
starting version 237
[    0.730911] e1000: Intel(R) PRO/1000 Network Driver - version 7.3.21-k8-NAPI
[    0.731568] e1000: Copyright (c) 1999-2006 Intel Corporation.
[    0.734233] Fusion MPT base driver 3.04.20
[    0.735306] Copyright (c) 1999-2008 LSI Corporation
[    0.742734] Fusion MPT SPI Host driver 3.04.20
[    0.751916] AVX2 version of gcm_enc/dec engaged.
[    0.752366] AES CTR mode by8 optimization enabled
[    0.941000] input: ImExPS/2 Generic Explorer Mouse as /devices/platform/i8042/serio1/input/input4
[    1.079080] e1000 0000:00:03.0 eth0: (PCI:33MHz:32-bit) 02:3b:7b:b7:3b:2d
[    1.079697] e1000 0000:00:03.0 eth0: Intel(R) PRO/1000 Network Connection
[    1.080961] mptbase: ioc0: Initiating bringup
[    1.188258] ioc0: LSI53C1030 A0: Capabilities={Initiator}
[    1.428773] scsi host2: ioc0: LSI53C1030 A0, FwRev=00000000h, Ports=1, MaxQ=256, IRQ=20
[    1.596940] scsi 2:0:0:0: Direct-Access     VBOX     HARDDISK         1.0  PQ: 0 ANSI: 5
[    1.597722] scsi target2:0:0: Beginning Domain Validation
[    1.598835] scsi target2:0:0: Domain Validation skipping write tests
[    1.599393] scsi target2:0:0: Ending Domain Validation
[    1.599874] scsi target2:0:0: asynchronous
[    1.600444] scsi 2:0:1:0: Direct-Access     VBOX     HARDDISK         1.0  PQ: 0 ANSI: 5
[    1.601178] scsi target2:0:1: Beginning Domain Validation
[    1.602003] scsi target2:0:1: Domain Validation skipping write tests
[    1.602555] scsi target2:0:1: Ending Domain Validation
[    1.603045] scsi target2:0:1: asynchronous
[    1.605065] sd 2:0:0:0: [sda] 83886080 512-byte logical blocks: (42.9 GB/40.0 GiB)
[    1.605771] sd 2:0:0:0: [sda] Write Protect is off
[    1.606279] sd 2:0:0:0: [sda] Write cache: enabled, read cache: enabled, supports DPO and FUA
[    1.607326] sd 2:0:0:0: Attached scsi generic sg0 type 0
[    1.608212] sd 2:0:1:0: [sdb] 20480 512-byte logical blocks: (10.5 MB/10.0 MiB)
[    1.608919] sd 2:0:1:0: [sdb] Write Protect is off
[    1.609411] sd 2:0:1:0: [sdb] Write cache: enabled, read cache: enabled, supports DPO and FUA
[    1.610410] sd 2:0:1:0: Attached scsi generic sg1 type 0
[    1.615218]  sda: sda1
[    1.615877] sd 2:0:0:0: [sda] Attached SCSI disk
[    1.616730] sd 2:0:1:0: [sdb] Attached SCSI disk
[    1.930688] e1000 0000:00:08.0 eth1: (PCI:33MHz:32-bit) 08:00:27:3e:f4:24
[    1.931332] e1000 0000:00:08.0 eth1: Intel(R) PRO/1000 Network Connection
[    1.932580] e1000 0000:00:08.0 enp0s8: renamed from eth1
[    1.933925] e1000 0000:00:03.0 enp0s3: renamed from eth0
Begin: Loading essential drivers ... [    3.276008] raid6: sse2x1   gen()  7764 MB/s
[    3.324051] raid6: sse2x1   xor() 13242 MB/s
[    3.372062] raid6: sse2x2   gen() 14932 MB/s
[    3.420051] raid6: sse2x2   xor() 16111 MB/s
[    3.468023] raid6: sse2x4   gen() 22486 MB/s
[    3.516059] raid6: sse2x4   xor() 11625 MB/s
[    3.564041] raid6: avx2x1   gen() 16789 MB/s
[    3.612068] raid6: avx2x1   xor() 25710 MB/s
[    3.660040] raid6: avx2x2   gen() 33275 MB/s
[    3.708014] raid6: avx2x2   xor() 32374 MB/s
[    3.756049] raid6: avx2x4   gen() 36274 MB/s
[    3.804022] raid6: avx2x4   xor() 16049 MB/s
[    3.804417] raid6: using algorithm avx2x4 gen() 36274 MB/s
[    3.804886] raid6: .... xor() 16049 MB/s, rmw enabled
[    3.805328] raid6: using avx2x2 recovery algorithm
[    3.806955] xor: automatically using best checksumming function   avx       
[    3.808353] async_tx: api initialized (async)
done.
Begin: Running /scripts/init-premount ... done.
Begin: Mounting root file system ... Begin: Running /scripts/local-top ... done.
Begin: Running /scripts/local-premount ... [    3.835928] Btrfs loaded, crc32c=crc32c-intel
Scanning for Btrfs filesystems
done.
Warning: fsck not present, so skipping root file system
[    3.857766] EXT4-fs (sda1): mounted filesystem with ordered data mode. Opts: (null)
done.
Begin: Running /scripts/local-bottom ... done.
Begin: Running /scripts/init-bottom ... done.
[    4.014462] ip_tables: (C) 2000-2006 Netfilter Core Team
[    4.023615] systemd[1]: systemd 237 running in system mode. (+PAM +AUDIT +SELINUX +IMA +APPARMOR +SMACK +SYSVINIT +UTMP +LIBCRYPTSETUP +GCRYPT +GNUTLS +ACL +XZ +LZ4 +SECCOMP +BLKID +ELFUTILS +KMOD -IDN2 +IDN -PCRE2 default-hierarchy=hybrid)
[    4.025543] systemd[1]: Detected virtualization oracle.
[    4.026118] systemd[1]: Detected architecture x86-64.

Welcome to [1mUbuntu 18.04.6 LTS[0m!

[    4.028691] systemd[1]: Set hostname to <ubuntu>.
[    4.030861] systemd[1]: Initializing machine ID from random generator.
[    4.031413] systemd[1]: Installed transient /etc/machine-id file.
[    4.216361] systemd[1]: Reached target User and Group Name Lookups.
[[0;32m  OK  [0m] Reached target User and Group Name Lookups.
[    4.217354] systemd[1]: Reached target System Time Synchronized.
[[0;32m  OK  [0m] Reached target System Time Synchronized.
[    4.218486] systemd[1]: Created slice System Slice.
[[0;32m  OK  [0m] Created slice System Slice.
[    4.219250] systemd[1]: Listening on Device-mapper event daemon FIFOs.
[[0;32m  OK  [0m] Listening on Device-mapper event daemon FIFOs.
[[0;32m  OK  [0m] Listening on udev Control Socket.
[[0;32m  OK  [0m] Listening on /dev/initctl Compatibility Named Pipe.
[[0;32m  OK  [0m] Listening on udev Kernel Socket.
[[0;32m  OK  [0m] Listening on fsck to fsckd communication Socket.
[[0;32m  OK  [0m] Listening on LVM2 metadata daemon socket.
[[0;32m  OK  [0m] Created slice system-serial\x2dgetty.slice.
[[0;32m  OK  [0m] Listening on Journal Audit Socket.
[[0;32m  OK  [0m] Listening on Journal Socket (/dev/log).
[[0;32m  OK  [0m] Reached target Swap.
[[0;32m  OK  [0m] Listening on Syslog Socket.
[[0;32m  OK  [0m] Started Forward Password Requests to Wall Directory Watch.
[[0;32m  OK  [0m] Listening on LVM2 poll daemon socket.
[[0;32m  OK  [0m] Listening on Journal Socket.
         Mounting POSIX Message Queue File System...
         Starting Load Kernel Modules...
         Starting Journal Service...
         Starting udev Coldplug all Devices...
         Starting Set the console keyboard layout...
         Starting Uncomplicated firewall...
         Mounting Huge Pages File System...
[[0;32m  OK  [0m] Created slice User and Session Slice.
[[0;32m  OK  [0m] Reached target Slices.
[[0;32m  OK  [0m] Listening on Network Service Netlink Socket.
         Starting File System Check on Root Device...
[[0;32m  OK  [0m] Reached target Mounting snaps.
[[0;32m  OK  [0m] Set up automount Arbitrary Executab…rmats File System Automount Point.
         Starting Create list of required st…ce nodes for the current kernel...
         Mounting Kernel Debug File System...
[    4.278440] Loading iSCSI transport class v2.0-870.
[    4.282360] iscsi: registered transport (tcp)
[    4.292316] iscsi: registered transport (iser)
[[0;32m  OK  [0m] Reached target Mounted snaps.
         Starting Monitoring of LVM2 mirrors…ng dmeventd or progress polling...
[[0;32m  OK  [0m] Started Journal Service.
[[0;32m  OK  [0m] Mounted POSIX Message Queue File System.
[[0;32m  OK  [0m] Started Load Kernel Modules.
[[0;32m  OK  [0m] Started Uncomplicated firewall.
[[0;32m  OK  [0m] Mounted Huge Pages File System.
[[0;32m  OK  [0m] Mounted Kernel Debug File System.
         Mounting Kernel Configuration File System...
         Starting Apply Kernel Variables...
         Mounting FUSE Control File System...
[[0;32m  OK  [0m] Started File System Check Daemon to report status.
[[0;32m  OK  [0m] Started Create list of required sta…vice nodes for the current kernel.
         Starting Create Static Device Nodes in /dev...
[[0;32m  OK  [0m] Mounted FUSE Control File System.
[[0;32m  OK  [0m] Mounted Kernel Configuration File System.
[[0;32m  OK  [0m] Started udev Coldplug all Devices.
[[0;32m  OK  [0m] Started LVM2 metadata daemon.
[[0;32m  OK  [0m] Started Create Static Device Nodes in /dev.
[[0;32m  OK  [0m] Started File System Check on Root Device.
         Starting Remount Root and Kernel File Systems...
[[0;32m  OK  [0m] Started Apply Kernel Variables.
[[0;32m  OK  [0m] Started Remount Root and Kernel File Systems.
         Starting Flush Journal to Persistent Storage...
         Starting udev Kernel Device Manager...
         Starting Load/Save Random Seed...
[[0;32m  OK  [0m] Started Monitoring of LVM2 mirrors,…sing dmeventd or progress polling.
[[0;32m  OK  [0m] Started Load/Save Random Seed.
[[0;32m  OK  [0m] Started udev Kernel Device Manager.
[[0;32m  OK  [0m] Started Flush Journal to Persistent Storage.
[[0;32m  OK  [0m] Found device /dev/ttyS0.
[[0;32m  OK  [0m] Listening on Load/Save RF Kill Switch Status /dev/rfkill Watch.
         Mounting Arbitrary Executable File Formats File System...
[[0;32m  OK  [0m] Mounted Arbitrary Executable File Formats File System.
[[0;32m  OK  [0m] Started Set the console keyboard layout.
[[0;32m  OK  [0m] Reached target Local File Systems (Pre).
[[0;32m  OK  [0m] Reached target Local File Systems.
         Starting Create Volatile Files and Directories...
         Starting Set console font and keymap...
         Starting Commit a transient machine-id on disk...
         Starting Tell Plymouth To Write Out Runtime Data...
         Starting ebtables ruleset management...
         Starting AppArmor initialization...
[[0;32m  OK  [0m] Started Dispatch Password Requests to Console Directory Watch.
[[0;32m  OK  [0m] Reached target Local Encrypted Volumes.
[[0;32m  OK  [0m] Started Tell Plymouth To Write Out Runtime Data.
[[0;32m  OK  [0m] Started Commit a transient machine-id on disk.
[[0;32m  OK  [0m] Started Create Volatile Files and Directories.
         Starting Update UTMP about System Boot/Shutdown...
[[0;32m  OK  [0m] Started Update UTMP about System Boot/Shutdown.
[[0;32m  OK  [0m] Started ebtables ruleset management.
[[0;32m  OK  [0m] Started Set console font and keymap.
[[0;32m  OK  [0m] Started AppArmor initialization.
         Starting Initial cloud-init job (pre-networking)...
         Starting Load AppArmor profiles managed internally by snapd...
[[0;32m  OK  [0m] Started Load AppArmor profiles managed internally by snapd.
[    7.093511] cloud-init[810]: Cloud-init v. 23.1.2-0ubuntu0~18.04.1 running 'init-local' at Thu, 30 Apr 2026 23:33:20 +0000. Up 6.90 seconds.
[[0;32m  OK  [0m] Started Initial cloud-init job (pre-networking).
[[0;32m  OK  [0m] Reached target Network (Pre).
         Starting Network Service...
[[0;32m  OK  [0m] Started Network Service.
         Starting Network Name Resolution...
         Starting Wait for Network to be Configured...
[[0;32m  OK  [0m] Started Network Name Resolution.
[[0;32m  OK  [0m] Reached target Network.
[[0;32m  OK  [0m] Reached target Host and Network Name Lookups.
[[0;32m  OK  [0m] Started Wait for Network to be Configured.
         Starting Initial cloud-init job (metadata service crawler)...
[    8.879881] cloud-init[915]: Cloud-init v. 23.1.2-0ubuntu0~18.04.1 running 'init' at Thu, 30 Apr 2026 23:33:22 +0000. Up 8.80 seconds.
[    8.881094] cloud-init[915]: ci-info: ++++++++++++++++++++++++++++++++++++++++++++Net device info++++++++++++++++++++++++++++++++++++++++++++
[    8.881714] cloud-init[915]: ci-info: +--------+-------+---------------------------------------+---------------+--------+-------------------+
[    8.882306] cloud-init[915]: ci-info: | Device |   Up  |                Address                |      Mask     | Scope  |     Hw-Address    |
[    8.882892] cloud-init[915]: ci-info: +--------+-------+---------------------------------------+---------------+--------+-------------------+
[    8.884144] cloud-init[915]: ci-info: | enp0s3 |  True |               10.0.2.15               | 255.255.255.0 | global | 02:3b:7b:b7:3b:2d |
[    8.885239] cloud-init[915]: ci-info: | enp0s3 |  True | fd17:625c:f037:2:3b:7bff:feb7:3b2d/64 |       .       | global | 02:3b:7b:b7:3b:2d |
[    8.886434] cloud-init[915]: ci-info: | enp0s3 |  True |       fe80::3b:7bff:feb7:3b2d/64      |       .       |  link  | 02:3b:7b:b7:3b:2d |
[    8.888170] cloud-init[915]: ci-info: | enp0s8 | False |                   .                   |       .       |   .    | 08:00:27:3e:f4:24 |
[    8.888992] cloud-init[915]: ci-info: |   lo   |  True |               127.0.0.1               |   255.0.0.0   |  host  |         .         |
[    8.890891] cloud-init[915]: ci-info: |   lo   |  True |                ::1/128                |       .       |  host  |         .         |
[    8.892121] cloud-init[915]: ci-info: +--------+-------+---------------------------------------+---------------+--------+-------------------+
[    8.893373] cloud-init[915]: ci-info: ++++++++++++++++++++++++++++Route IPv4 info+++++++++++++++++++++++++++++
[    8.895198] cloud-init[915]: ci-info: +-------+-------------+----------+-----------------+-----------+-------+
[    8.895725] cloud-init[915]: ci-info: | Route | Destination | Gateway  |     Genmask     | Interface | Flags |
[    8.896221] cloud-init[915]: ci-info: +-------+-------------+----------+-----------------+-----------+-------+
[    8.898308] cloud-init[915]: ci-info: |   0   |   0.0.0.0   | 10.0.2.2 |     0.0.0.0     |   enp0s3  |   UG  |
[    8.898862] cloud-init[915]: ci-info: |   1   |   10.0.2.0  | 0.0.0.0  |  255.255.255.0  |   enp0s3  |   U   |
[    8.899336] cloud-init[915]: ci-info: |   2   |   10.0.2.2  | 0.0.0.0  | 255.255.255.255 |   enp0s3  |   UH  |
[    8.900894] cloud-init[915]: ci-info: +-------+-------------+----------+-----------------+-----------+-------+
[    8.901429] cloud-init[915]: ci-info: ++++++++++++++++++++++++Route IPv6 info++++++++++++++++++++++++
[    8.903628] cloud-init[915]: ci-info: +-------+-----------------------+---------+-----------+-------+
[    8.904164] cloud-init[915]: ci-info: | Route |      Destination      | Gateway | Interface | Flags |
[    8.904605] cloud-init[915]: ci-info: +-------+-----------------------+---------+-----------+-------+
[    8.905047] cloud-init[915]: ci-info: |   1   | fd17:625c:f037:2::/64 |    ::   |   enp0s3  |   U   |
[    8.907615] cloud-init[915]: ci-info: |   2   |       fe80::/64       |    ::   |   enp0s3  |   U   |
[    8.908083] cloud-init[915]: ci-info: |   3   |          ::/0         | fe80::2 |   enp0s3  |   UG  |
[    8.908525] cloud-init[915]: ci-info: |   5   |         local         |    ::   |   enp0s3  |   U   |
[    8.909014] cloud-init[915]: ci-info: |   6   |        ff00::/8       |    ::   |   enp0s3  |   U   |
[    8.910622] cloud-init[915]: ci-info: +-------+-----------------------+---------+-----------+-------+
[   10.238932] cloud-init[915]: Generating public/private rsa key pair.
[   10.239299] cloud-init[915]: Your identification has been saved in /etc/ssh/ssh_host_rsa_key.
[   10.239750] cloud-init[915]: Your public key has been saved in /etc/ssh/ssh_host_rsa_key.pub.
[   10.240250] cloud-init[915]: The key fingerprint is:
[   10.240558] cloud-init[915]: SHA256:2izSa9x4preXViSgoz0+BeinJqIY04GOTKGyY5gKaY0 root@ubuntu-bionic
[   10.241001] cloud-init[915]: The key's randomart image is:
[   10.241314] cloud-init[915]: +---[RSA 2048]----+
[   10.241595] cloud-init[915]: |                 |
[   10.241882] cloud-init[915]: |        .        |
[   10.243951] cloud-init[915]: | .   . . .       |
[   10.244272] cloud-init[915]: |... . +   . .    |
[   10.244564] cloud-init[915]: |+... o oS  o     |
[   10.244845] cloud-init[915]: |B=o.o.++.   .    |
[   10.245122] cloud-init[915]: |@E...=+=o  o     |
[   10.245408] cloud-init[915]: |B+. o.*o= +      |
[   10.248060] cloud-init[915]: |=. o .o*.+       |
[   10.248354] cloud-init[915]: +----[SHA256]-----+
[   10.248645] cloud-init[915]: Generating public/private dsa key pair.
[   10.248982] cloud-init[915]: Your identification has been saved in /etc/ssh/ssh_host_dsa_key.
[   10.249398] cloud-init[915]: Your public key has been saved in /etc/ssh/ssh_host_dsa_key.pub.
[   10.249829] cloud-init[915]: The key fingerprint is:
[   10.250124] cloud-init[915]: SHA256:5CPMVfdIe4Y83czaD5wM4WaAvfKqkfjr295FD2VIQio root@ubuntu-bionic
[   10.252089] cloud-init[915]: The key's randomart image is:
[   10.252416] cloud-init[915]: +---[DSA 1024]----+
[   10.252703] cloud-init[915]: |         += =    |
[   10.252984] cloud-init[915]: |        .o.O O + |
[   10.256061] cloud-init[915]: |      E +  .% B +|
[   10.256357] cloud-init[915]: |     o =. .o X + |
[   10.256647] cloud-init[915]: |      + So  o * .|
[   10.256927] cloud-init[915]: |     . o ... o ..|
[   10.257201] cloud-init[915]: |    . o  .  . . .|
[   10.257484] cloud-init[915]: |     . o.. .     |
[   10.257763] cloud-init[915]: |     .*=o .      |
[   10.258042] cloud-init[915]: +----[SHA256]-----+
[   10.268215] cloud-init[915]: Generating public/private ecdsa key pair.
[   10.268523] cloud-init[915]: Your identification has been saved in /etc/ssh/ssh_host_ecdsa_key.
[   10.268892] cloud-init[915]: Your public key has been saved in /etc/ssh/ssh_host_ecdsa_key.pub.
[   10.269336] cloud-init[915]: The key fingerprint is:
[   10.269653] cloud-init[915]: SHA256:4vf6B2PlqpGsa/8j9+pupzZrYm5GZGHw9u9xD7fFP2k root@ubuntu-bionic
[   10.270117] cloud-init[915]: The key's randomart image is:
[   10.270449] cloud-init[915]: +---[ECDSA 256]---+
[   10.270753] cloud-init[915]: |      ..         |
[   10.271055] cloud-init[915]: |       .o        |
[   10.272074] cloud-init[915]: |       .o.       |
[   10.272381] cloud-init[915]: |       .o.  .    |
[   10.272676] cloud-init[915]: |      .oS .o     |
[   10.276114] cloud-init[915]: |     . o..+..  . |
[   10.276434] cloud-init[915]: |      ..=. +o o =|
[   10.276752] cloud-init[915]: |      .o*oO.oo E+|
[   10.277057] cloud-init[915]: |     .oB=#XXo ..+|
[   10.277355] cloud-init[915]: +----[SHA256]-----+
[   10.277653] cloud-init[915]: Generating public/private ed25519 key pair.
[   10.278030] cloud-init[915]: Your identification has been saved in /etc/ssh/ssh_host_ed25519_key.
[   10.278493] cloud-init[915]: Your public key has been saved in /etc/ssh/ssh_host_ed25519_key.pub.
[   10.278979] cloud-init[915]: The key fingerprint is:
[   10.280087] cloud-init[915]: SHA256:JWzzCIhUMbeplVdZO6hDIu9HdyZmvlvarv52v96RdKo root@ubuntu-bionic
[   10.280554] cloud-init[915]: The key's randomart image is:
[   10.284123] cloud-init[915]: +--[ED25519 256]--+
[   10.284438] cloud-init[915]: |  ..+..   .o.    |
[   10.284750] cloud-init[915]: | . . + = ... .   |
[   10.285051] cloud-init[915]: |  . o B B o o    |
[   10.285467] cloud-init[915]: |     = * B   .   |
[   10.285868] cloud-init[915]: |    . . S * o  ..|
[   10.286182] cloud-init[915]: |     . . * +  ..o|
[   10.286480] cloud-init[915]: |      . . . . .o |
[   10.286778] cloud-init[915]: |       .   =... o|
[   10.288112] cloud-init[915]: |         .**E..++|
[   10.288425] cloud-init[915]: +----[SHA256]-----+
[[0;32m  OK  [0m] Started Initial cloud-init job (metadata service crawler).
[[0;32m  OK  [0m] Reached target Network is Online.
[[0;32m  OK  [0m] Reached target Remote File Systems (Pre).
[[0;32m  OK  [0m] Reached target Remote File Systems.
         Starting Availability of block devices...
[[0;32m  OK  [0m] Reached target Cloud-config availability.
[[0;32m  OK  [0m] Reached target System Initialization.
[[0;32m  OK  [0m] Started Ubuntu Advantage Timer for running repeated jobs.
[[0;32m  OK  [0m] Started ACPI Events Check.
[[0;32m  OK  [0m] Listening on Open-iSCSI iscsid Socket.
[[0;32m  OK  [0m] Started Daily apt download activities.
[[0;32m  OK  [0m] Started Daily apt upgrade and clean activities.
[[0;32m  OK  [0m] Reached target Paths.
[[0;32m  OK  [0m] Listening on cloud-init hotplug hook socket.
[[0;32m  OK  [0m] Started Daily Cleanup of Temporary Directories.
         Starting Socket activation for snappy daemon.
[[0;32m  OK  [0m] Listening on UUID daemon activation socket.
         Starting LXD - unix socket.
[[0;32m  OK  [0m] Listening on ACPID Listen Socket.
[[0;32m  OK  [0m] Started Message of the Day.
[[0;32m  OK  [0m] Started Discard unused blocks once a week.
[[0;32m  OK  [0m] Reached target Timers.
[[0;32m  OK  [0m] Listening on D-Bus System Message Bus Socket.
[[0;32m  OK  [0m] Listening on Socket activation for snappy daemon.
[[0;32m  OK  [0m] Listening on LXD - unix socket.
[[0;32m  OK  [0m] Reached target Sockets.
[[0;32m  OK  [0m] Reached target Basic System.
         Starting Virtualbox guest utils...
[[0;32m  OK  [0m] Started FUSE filesystem for LXC.
[[0;32m  OK  [0m] Started Deferred execution scheduler.
         Starting LXD - container startup/shutdown...
         Starting Pollinate to seed the pseudo random number generator...
[[0;32m  OK  [0m] Reached target Login Prompts (Pre).
         Starting Snap Daemon...
         Starting Accounts Service...
         Starting Permit User Sessions...
         Starting Login Service...
         Starting LSB: automatic crash report generation...
         Starting LSB: Record successful boot for GRUB...
         Starting Dispatcher daemon for systemd-networkd...
[[0;32m  OK  [0m] Started Regular background program processing daemon.
         Starting System Logging Service...
[[0;32m  OK  [0m] Started irqbalance daemon.
[[0;32m  OK  [0m] Started D-Bus System Message Bus.
[[0;32m  OK  [0m] Started System Logging Service.
[[0;32m  OK  [0m] Started Availability of block devices.
[[0;32m  OK  [0m] Started LXD - container startup/shutdown.
[[0;32m  OK  [0m] Started Permit User Sessions.
[[0;32m  OK  [0m] Started Login Service.
[[0;32m  OK  [0m] Started Unattended Upgrades Shutdown.
         Starting Hostname Service...
         Starting Terminate Plymouth Boot Screen...
         Starting Hold until boot process finishes up...
[[0;32m  OK  [0m] Started Hold until boot process finishes up.
         Starting Set console scheme...
[[0;32m  OK  [0m] Started Serial Getty on ttyS0.
[[0;32m  OK  [0m] Started Terminate Plymouth Boot Screen.
[[0;32m  OK  [0m] Started LSB: automatic crash report generation.
[[0;32m  OK  [0m] Started Set console scheme.
[[0;32m  OK  [0m] Started Hostname Service.
[[0;32m  OK  [0m] Created slice system-getty.slice.
[[0;32m  OK  [0m] Started Getty on tty1.
[[0;32m  OK  [0m] Reached target Login Prompts.
         Starting Authorization Manager...
[[0;32m  OK  [0m] Started LSB: Record successful boot for GRUB.
[[0;32m  OK  [0m] Started Authorization Manager.
[[0;32m  OK  [0m] Started Accounts Service.
[[0;32m  OK  [0m] Started Virtualbox guest utils.
[[0;32m  OK  [0m] Started Dispatcher daemon for systemd-networkd.
[[0;32m  OK  [0m] Started Snap Daemon.
         Starting Wait until snapd is fully seeded...
[[0;32m  OK  [0m] Started Pollinate to seed the pseudo random number generator.
         Starting OpenBSD Secure Shell server...
[[0;32m  OK  [0m] Started OpenBSD Secure Shell server.
         Starting Time & Date Service...
[[0;32m  OK  [0m] Started Time & Date Service.
[[0;32m  OK  [0m] Created slice User Slice of vagrant.
         Starting User Manager for UID 1000...
[[0;32m  OK  [0m] Started Session 1 of user vagrant.
[[0;32m  OK  [0m] Started User Manager for UID 1000.
[[0;32m  OK  [0m] Started Wait until snapd is fully seeded.
         Starting Apply the settings specified in cloud-config...
[   14.916289] cloud-init[1548]: Cloud-init v. 23.1.2-0ubuntu0~18.04.1 running 'modules:config' at Thu, 30 Apr 2026 23:33:28 +0000. Up 14.39 seconds.
[[0;32m  OK  [0m] Started Apply the settings specified in cloud-config.
[[0;32m  OK  [0m] Reached target Multi-User System.
[[0;32m  OK  [0m] Reached target Graphical Interface.
         Starting Update UTMP about System Runlevel Changes...
         Starting Execute cloud user/final scripts...
[[0;32m  OK  [0m] Started Update UTMP about System Runlevel Changes.
ci-info: no authorized SSH keys fingerprints found for user ubuntu.
<14>Apr 30 23:33:29 cloud-init: #############################################################
<14>Apr 30 23:33:29 cloud-init: -----BEGIN SSH HOST KEY FINGERPRINTS-----
<14>Apr 30 23:33:29 cloud-init: 1024 SHA256:5CPMVfdIe4Y83czaD5wM4WaAvfKqkfjr295FD2VIQio root@ubuntu-bionic (DSA)
<14>Apr 30 23:33:29 cloud-init: 256 SHA256:4vf6B2PlqpGsa/8j9+pupzZrYm5GZGHw9u9xD7fFP2k root@ubuntu-bionic (ECDSA)
<14>Apr 30 23:33:29 cloud-init: 256 SHA256:JWzzCIhUMbeplVdZO6hDIu9HdyZmvlvarv52v96RdKo root@ubuntu-bionic (ED25519)
<14>Apr 30 23:33:29 cloud-init: 2048 SHA256:2izSa9x4preXViSgoz0+BeinJqIY04GOTKGyY5gKaY0 root@ubuntu-bionic (RSA)
<14>Apr 30 23:33:29 cloud-init: -----END SSH HOST KEY FINGERPRINTS-----
<14>Apr 30 23:33:29 cloud-init: #############################################################
-----BEGIN SSH HOST KEY KEYS-----
ecdsa-sha2-nistp256 AAAAE2VjZHNhLXNoYTItbmlzdHAyNTYAAAAIbmlzdHAyNTYAAABBBOZDWc5cHv/G2vUspxyaw+ACJeZXUYyvJ1CnYCbOwReBogVqERICIpj2UTN7MrYQRm6yQBNAnLlQWpu8DBnx5us= root@ubuntu-bionic
ssh-ed25519 AAAAC3NzaC1lZDI1NTE5AAAAIEQHZO36NjHROzNJLtfb/pM02kaK7Xm7XiP4JiauB0iL root@ubuntu-bionic
ssh-rsa AAAAB3NzaC1yc2EAAAADAQABAAABAQDZDgM+j7Uxvm9x5m9qltdjy8C/dJIxtjFcLjnvhqE/mMvsVd0kEz287A+sSvFBIwuknPBqIkfloYYLdW/saHp9yxlrsaQnmmvSo5PCnIYjYiMA9ck+GpTaFdcc7XxWkJ1/+igoYlrYBbVvSMUlLC3ELJy2fy9xCz+aJ1nCA0WY1xV6na3sF3lQWeRfolpAGBqIloFTnle8xx6mXU3grASE9cnoshc64ocbRWOOnKiizypmLjxqW9cflFh1ThBBlNIMTz8Prju8GozIaet2nApZqgwAAey4nskGjH+/FiIohB+aW5jLbnpwInkB3KPgGM3txzfcIow+1xMdR66gQ2wz root@ubuntu-bionic
-----END SSH HOST KEY KEYS-----
[   15.619853] cloud-init[1679]: Cloud-init v. 23.1.2-0ubuntu0~18.04.1 running 'modules:final' at Thu, 30 Apr 2026 23:33:29 +0000. Up 15.46 seconds.
[   15.620760] cloud-init[1679]: Cloud-init v. 23.1.2-0ubuntu0~18.04.1 finished at Thu, 30 Apr 2026 23:33:29 +0000. Datasource DataSourceNoCloud [seed=/dev/sdb][dsmode=net].  Up 15.61 seconds
[[0;32m  OK  [0m] Started Execute cloud user/final scripts.
[[0;32m  OK  [0m] Reached target Cloud-init target.

Ubuntu 18.04.6 LTS ubuntu-bionic ttyS0

ubuntu-bionic login: [[0;32m  OK  [0m] Stopped Unattended Upgrades Shutdown.
[[0;32m  OK  [0m] Closed Load/Save RF Kill Switch Status /dev/rfkill Watch.
[[0;32m  OK  [0m] Stopped target Timers.
[[0;32m  OK  [0m] Stopped target Graphical Interface.
         Stopping User Manager for UID 1000...
[[0;32m  OK  [0m] Stopped target Cloud-init target.
[[0;32m  OK  [0m] Stopped Daily Cleanup of Temporary Directories.
[[0;32m  OK  [0m] Stopped Daily apt upgrade and clean activities.
[[0;32m  OK  [0m] Stopped target Host and Network Name Lookups.
[[0;32m  OK  [0m] Stopped Message of the Day.
[[0;32m  OK  [0m] Stopped Daily apt download activities.
[[0;32m  OK  [0m] Stopped Discard unused blocks once a week.
         Stopping Session 5 of user vagrant.
[[0;32m  OK  [0m] Stopped Execute cloud user/final scripts.
[[0;32m  OK  [0m] Stopped Apply the settings specified in cloud-config.
[[0;32m  OK  [0m] Stopped target Multi-User System.
         Stopping LXD - container startup/shutdown...
         Stopping System Logging Service...
         Stopping D-Bus System Message Bus...
         Stopping Virtualbox guest utils...
[[0;32m  OK  [0m] Stopped Wait until snapd is fully seeded.
         Stopping Deferred execution scheduler...
[[0;32m  OK  [0m] Stopped target Login Prompts.
         Stopping Getty on tty1...
         Stopping Serial Getty on ttyS0...
         Stopping Dispatcher daemon for systemd-networkd...
         Stopping Accounts Service...
[[0;32m  OK  [0m] Stopped target Cloud-config availability.
         Stopping LSB: Record successful boot for GRUB...
[[0;32m  OK  [0m] Stopped target System Time Synchronized.
         Stopping OpenBSD Secure Shell server...
         Stopping FUSE filesystem for LXC...
         Stopping Availability of block devices...
         Stopping Regular background program processing daemon...
         Stopping LSB: automatic crash report generation...
         Stopping Session 3 of user vagrant.
         Stopping Authorization Manager...
[[0;32m  OK  [0m] Unmounted /var/lib/lxcfs.
[[0;32m  OK  [0m] Stopped Deferred execution scheduler.
[[0;32m  OK  [0m] Stopped Accounts Service.
[[0;32m  OK  [0m] Stopped Dispatcher daemon for systemd-networkd.
[[0;32m  OK  [0m] Stopped Regular background program processing daemon.
[[0;32m  OK  [0m] Stopped System Logging Service.
[[0;32m  OK  [0m] Stopped Serial Getty on ttyS0.
[[0;32m  OK  [0m] Stopped Getty on tty1.
[[0;32m  OK  [0m] Stopped Authorization Manager.
[[0;32m  OK  [0m] Stopped OpenBSD Secure Shell server.
[[0;32m  OK  [0m] Stopped User Manager for UID 1000.
[[0;32m  OK  [0m] Stopped D-Bus System Message Bus.
[[0;32m  OK  [0m] Stopped FUSE filesystem for LXC.
[[0;32m  OK  [0m] Stopped Session 3 of user vagrant.
[[0;32m  OK  [0m] Stopped Session 5 of user vagrant.
[[0;32m  OK  [0m] Removed slice User Slice of vagrant.
         Stopping Login Service...
[[0;32m  OK  [0m] Removed slice system-getty.slice.
         Stopping Permit User Sessions...
[[0;32m  OK  [0m] Stopped target Login Prompts (Pre).
[[0;32m  OK  [0m] Removed slice system-serial\x2dgetty.slice.
[[0;32m  OK  [0m] Stopped Login Service.
[[0;32m  OK  [0m] Stopped Availability of block devices.
[[0;32m  OK  [0m] Stopped Permit User Sessions.
[[0;32m  OK  [0m] Stopped LSB: automatic crash report generation.
[[0;32m  OK  [0m] Stopped target Remote File Systems.
         Unmounting /vagrant...
[[0;32m  OK  [0m] Stopped target User and Group Name Lookups.
[[0;32m  OK  [0m] Stopped LXD - container startup/shutdown.
[[0;32m  OK  [0m] Unmounted /vagrant.
[[0;32m  OK  [0m] Stopped target Remote File Systems (Pre).
[[0;32m  OK  [0m] Stopped target Network is Online.
[[0;32m  OK  [0m] Stopped target Network.
         Stopping Network Name Resolution...
[[0;32m  OK  [0m] Stopped LSB: Record successful boot for GRUB.
[[0;32m  OK  [0m] Stopped Network Name Resolution.
         Stopping Network Service...
[[0;32m  OK  [0m] Stopped Network Service.
[[0;32m  OK  [0m] Stopped target Network (Pre).
[[0;32m  OK  [0m] Stopped Virtualbox guest utils.
[[0;32m  OK  [0m] Stopped target Basic System.
[[0;32m  OK  [0m] Stopped target Slices.
[[0;32m  OK  [0m] Removed slice User and Session Slice.
[[0;32m  OK  [0m] Stopped target Paths.
[[0;32m  OK  [0m] Stopped ACPI Events Check.
[[0;32m  OK  [0m] Stopped target Sockets.
[[0;32m  OK  [0m] Closed cloud-init hotplug hook socket.
[[0;32m  OK  [0m] Closed Open-iSCSI iscsid Socket.
[[0;32m  OK  [0m] Closed LXD - unix socket.
[[0;32m  OK  [0m] Closed ACPID Listen Socket.
[[0;32m  OK  [0m] Closed Syslog Socket.
[[0;32m  OK  [0m] Closed D-Bus System Message Bus Socket.
[[0;32m  OK  [0m] Closed UUID daemon activation socket.
[[0;32m  OK  [0m] Closed Socket activation for snappy daemon.
[[0;32m  OK  [0m] Stopped target System Initialization.
         Stopping Update UTMP about System Boot/Shutdown...
[[0;32m  OK  [0m] Stopped Initial cloud-init job (metadata service crawler).
[[0;32m  OK  [0m] Stopped Commit a transient machine-id on disk.
[[0;32m  OK  [0m] Stopped Initial cloud-init job (pre-networking).
[[0;32m  OK  [0m] Stopped Apply Kernel Variables.
[[0;32m  OK  [0m] Stopped target Local Encrypted Volumes.
[[0;32m  OK  [0m] Stopped Dispatch Password Requests to Console Directory Watch.
[[0;32m  OK  [0m] Stopped Forward Password Requests to Wall Directory Watch.
[[0;32m  OK  [0m] Stopped Load Kernel Modules.
         Stopping Load/Save Random Seed...
[[0;32m  OK  [0m] Stopped Update UTMP about System Boot/Shutdown.
[[0;32m  OK  [0m] Stopped Create Volatile Files and Directories.
[[0;32m  OK  [0m] Stopped target Local File Systems.
[[0;32m  OK  [0m] Stopped target Mounted snaps.
[[0;32m  OK  [0m] Stopped target Mounting snaps.
         Unmounting /run/user/1000...
[[0;32m  OK  [0m] Stopped Load/Save Random Seed.
[[0;32m  OK  [0m] Unmounted /run/user/1000.
[[0;32m  OK  [0m] Reached target Unmount All Filesystems.
[[0;32m  OK  [0m] Stopped target Swap.
[[0;32m  OK  [0m] Stopped target Local File Systems (Pre).
[[0;32m  OK  [0m] Stopped Remount Root and Kernel File Systems.
         Stopping Monitoring of LVM2 mirrors…ng dmeventd or progress polling...
[[0;32m  OK  [0m] Stopped Create Static Device Nodes in /dev.
[[0;32m  OK  [0m] Reached target Shutdown.
[[0;32m  OK  [0m] Reached target Final Step.
         Starting Reboot...
[  109.462867] reboot: Restarting system
[    0.000000] Linux version 4.15.0-213-generic (buildd@lcy02-amd64-079) (gcc version 7.5.0 (Ubuntu 7.5.0-3ubuntu1~18.04)) #224-Ubuntu SMP Mon Jun 19 13:30:12 UTC 2023 (Ubuntu 4.15.0-213.224-generic 4.15.18)
[    0.000000] Command line: BOOT_IMAGE=/boot/vmlinuz-4.15.0-213-generic root=UUID=f685bb41-0e3b-40c4-89c1-eea0f0583525 ro console=tty1 console=ttyS0
[    0.000000] KERNEL supported cpus:
[    0.000000]   Intel GenuineIntel
[    0.000000]   AMD AuthenticAMD
[    0.000000]   Centaur CentaurHauls
[    0.000000] [Firmware Bug]: TSC doesn't count with P0 frequency!
[    0.000000] x86/fpu: Supporting XSAVE feature 0x001: 'x87 floating point registers'
[    0.000000] x86/fpu: Supporting XSAVE feature 0x002: 'SSE registers'
[    0.000000] x86/fpu: Supporting XSAVE feature 0x004: 'AVX registers'
[    0.000000] x86/fpu: xstate_offset[2]:  576, xstate_sizes[2]:  256
[    0.000000] x86/fpu: Enabled xstate features 0x7, context size is 832 bytes, using 'standard' format.
[    0.000000] e820: BIOS-provided physical RAM map:
[    0.000000] BIOS-e820: [mem 0x0000000000000000-0x000000000009fbff] usable
[    0.000000] BIOS-e820: [mem 0x000000000009fc00-0x000000000009ffff] reserved
[    0.000000] BIOS-e820: [mem 0x00000000000f0000-0x00000000000fffff] reserved
[    0.000000] BIOS-e820: [mem 0x0000000000100000-0x00000000dffeffff] usable
[    0.000000] BIOS-e820: [mem 0x00000000dfff0000-0x00000000dfffffff] ACPI data
[    0.000000] BIOS-e820: [mem 0x00000000fec00000-0x00000000fec00fff] reserved
[    0.000000] BIOS-e820: [mem 0x00000000fee00000-0x00000000fee00fff] reserved
[    0.000000] BIOS-e820: [mem 0x00000000fffc0000-0x00000000ffffffff] reserved
[    0.000000] BIOS-e820: [mem 0x0000000100000000-0x000000011fffffff] usable
[    0.000000] NX (Execute Disable) protection: active
[    0.000000] SMBIOS 2.5 present.
[    0.000000] DMI: innotek GmbH VirtualBox/VirtualBox, BIOS VirtualBox 12/01/2006
[    0.000000] Hypervisor detected: KVM
[    0.000000] e820: last_pfn = 0x120000 max_arch_pfn = 0x400000000
[    0.000000] x86/PAT: Configuration [0-7]: WB  WC  UC- UC  WB  WP  UC- WT  
[    0.000000] total RAM covered: 4096M
[    0.000000] Found optimal setting for mtrr clean up
[    0.000000]  gran_size: 64K 	chunk_size: 1G 	num_reg: 3  	lose cover RAM: 0G
[    0.000000] e820: last_pfn = 0xdfff0 max_arch_pfn = 0x400000000
[    0.000000] found SMP MP-table at [mem 0x0009fbf0-0x0009fbff]
[    0.000000] Scanning 1 areas for low memory corruption
[    0.000000] RAMDISK: [mem 0x35819000-0x36c03fff]
[    0.000000] ACPI: Early table checksum verification disabled
[    0.000000] ACPI: RSDP 0x00000000000E0000 000024 (v02 VBOX  )
[    0.000000] ACPI: XSDT 0x00000000DFFF0030 00003C (v01 VBOX   VBOXXSDT 00000001 ASL  00000061)
[    0.000000] ACPI: FACP 0x00000000DFFF00F0 0000F4 (v04 VBOX   VBOXFACP 00000001 ASL  00000061)
[    0.000000] ACPI: DSDT 0x00000000DFFF0610 002353 (v02 VBOX   VBOXBIOS 00000002 INTL 20200925)
[    0.000000] ACPI: FACS 0x00000000DFFF0200 000040
[    0.000000] ACPI: FACS 0x00000000DFFF0200 000040
[    0.000000] ACPI: APIC 0x00000000DFFF0240 000054 (v02 VBOX   VBOXAPIC 00000001 ASL  00000061)
[    0.000000] ACPI: SSDT 0x00000000DFFF02A0 00036C (v01 VBOX   VBOXCPUT 00000002 INTL 20200925)
[    0.000000] ACPI: Reserving FACP table memory at [mem 0xdfff00f0-0xdfff01e3]
[    0.000000] ACPI: Reserving DSDT table memory at [mem 0xdfff0610-0xdfff2962]
[    0.000000] ACPI: Reserving FACS table memory at [mem 0xdfff0200-0xdfff023f]
[    0.000000] ACPI: Reserving FACS table memory at [mem 0xdfff0200-0xdfff023f]
[    0.000000] ACPI: Reserving APIC table memory at [mem 0xdfff0240-0xdfff0293]
[    0.000000] ACPI: Reserving SSDT table memory at [mem 0xdfff02a0-0xdfff060b]
[    0.000000] No NUMA configuration found
[    0.000000] Faking a node at [mem 0x0000000000000000-0x000000011fffffff]
[    0.000000] NODE_DATA(0) allocated [mem 0x11ffd1000-0x11fffbfff]
[    0.000000] kvm-clock: cpu 0, msr 1:1ff50001, primary cpu clock
[    0.000000] kvm-clock: Using msrs 4b564d01 and 4b564d00
[    0.000000] kvm-clock: using sched offset of 3038879646 cycles
[    0.000000] clocksource: kvm-clock: mask: 0xffffffffffffffff max_cycles: 0x1cd42e4dffb, max_idle_ns: 881590591483 ns
[    0.000000] Zone ranges:
[    0.000000]   DMA      [mem 0x0000000000001000-0x0000000000ffffff]
[    0.000000]   DMA32    [mem 0x0000000001000000-0x00000000ffffffff]
[    0.000000]   Normal   [mem 0x0000000100000000-0x000000011fffffff]
[    0.000000]   Device   empty
[    0.000000] Movable zone start for each node
[    0.000000] Early memory node ranges
[    0.000000]   node   0: [mem 0x0000000000001000-0x000000000009efff]
[    0.000000]   node   0: [mem 0x0000000000100000-0x00000000dffeffff]
[    0.000000]   node   0: [mem 0x0000000100000000-0x000000011fffffff]
[    0.000000] Reserved but unavailable: 104 pages
[    0.000000] Initmem setup node 0 [mem 0x0000000000001000-0x000000011fffffff]
[    0.000000] ACPI: PM-Timer IO Port: 0x4008
[    0.000000] IOAPIC[0]: apic_id 1, version 32, address 0xfec00000, GSI 0-23
[    0.000000] ACPI: INT_SRC_OVR (bus 0 bus_irq 0 global_irq 2 dfl dfl)
[    0.000000] ACPI: INT_SRC_OVR (bus 0 bus_irq 9 global_irq 9 low level)
[    0.000000] Using ACPI (MADT) for SMP configuration information
[    0.000000] smpboot: Allowing 1 CPUs, 0 hotplug CPUs
[    0.000000] PM: Registered nosave memory: [mem 0x00000000-0x00000fff]
[    0.000000] PM: Registered nosave memory: [mem 0x0009f000-0x0009ffff]
[    0.000000] PM: Registered nosave memory: [mem 0x000a0000-0x000effff]
[    0.000000] PM: Registered nosave memory: [mem 0x000f0000-0x000fffff]
[    0.000000] PM: Registered nosave memory: [mem 0xdfff0000-0xdfffffff]
[    0.000000] PM: Registered nosave memory: [mem 0xe0000000-0xfebfffff]
[    0.000000] PM: Registered nosave memory: [mem 0xfec00000-0xfec00fff]
[    0.000000] PM: Registered nosave memory: [mem 0xfec01000-0xfedfffff]
[    0.000000] PM: Registered nosave memory: [mem 0xfee00000-0xfee00fff]
[    0.000000] PM: Registered nosave memory: [mem 0xfee01000-0xfffbffff]
[    0.000000] PM: Registered nosave memory: [mem 0xfffc0000-0xffffffff]
[    0.000000] e820: [mem 0xe0000000-0xfebfffff] available for PCI devices
[    0.000000] Booting paravirtualized kernel on KVM
[    0.000000] clocksource: refined-jiffies: mask: 0xffffffff max_cycles: 0xffffffff, max_idle_ns: 7645519600211568 ns
[    0.000000] setup_percpu: NR_CPUS:8192 nr_cpumask_bits:1 nr_cpu_ids:1 nr_node_ids:1
[    0.000000] percpu: Embedded 50 pages/cpu s167936 r8192 d28672 u2097152
[    0.000000] PV qspinlock hash table entries: 256 (order: 0, 4096 bytes)
[    0.000000] Built 1 zonelists, mobility grouping on.  Total pages: 1032057
[    0.000000] Policy zone: Normal
[    0.000000] Kernel command line: BOOT_IMAGE=/boot/vmlinuz-4.15.0-213-generic root=UUID=f685bb41-0e3b-40c4-89c1-eea0f0583525 ro console=tty1 console=ttyS0
[    0.000000] Memory: 4012584K/4193848K available (12300K kernel code, 2477K rwdata, 4324K rodata, 2480K init, 2720K bss, 181264K reserved, 0K cma-reserved)
[    0.000000] SLUB: HWalign=64, Order=0-3, MinObjects=0, CPUs=1, Nodes=1
[    0.000000] ftrace: allocating 39508 entries in 155 pages
[    0.004000] Hierarchical RCU implementation.
[    0.004000] 	RCU restricting CPUs from NR_CPUS=8192 to nr_cpu_ids=1.
[    0.004000] 	Tasks RCU enabled.
[    0.004000] RCU: Adjusting geometry for rcu_fanout_leaf=16, nr_cpu_ids=1
[    0.004000] NR_IRQS: 524544, nr_irqs: 256, preallocated irqs: 16
[    0.004000] random: crng init done
[    0.004000] Console: colour VGA+ 80x25
[    0.004000] console [tty1] enabled
[    0.004000] console [ttyS0] enabled
[    0.004000] ACPI: Core revision 20170831
[    0.004000] ACPI: 2 ACPI AML tables successfully acquired and loaded
[    0.004000] APIC: Switch to symmetric I/O mode setup
[    0.004000] x2apic enabled
[    0.004000] Switched APIC routing to physical x2apic.
[    0.004000] ..TIMER: vector=0x30 apic1=0 pin1=2 apic2=-1 pin2=-1
[    0.004000] tsc: Detected 3792.864 MHz processor
[    0.004000] Calibrating delay loop (skipped) preset value.. 7585.72 BogoMIPS (lpj=15171456)
[    0.004004] pid_max: default: 32768 minimum: 301
[    0.004436] Security Framework initialized
[    0.004818] Yama: becoming mindful.
[    0.005164] AppArmor: AppArmor initialized
[    0.006230] Dentry cache hash table entries: 524288 (order: 10, 4194304 bytes)
[    0.008019] Inode-cache hash table entries: 262144 (order: 9, 2097152 bytes)
[    0.008739] Mount-cache hash table entries: 8192 (order: 4, 65536 bytes)
[    0.009307] Mountpoint-cache hash table entries: 8192 (order: 4, 65536 bytes)
[    0.010069] CPU0: Hyper-Threading is disabled
[    0.010466] Last level iTLB entries: 4KB 512, 2MB 512, 4MB 256
[    0.010945] Last level dTLB entries: 4KB 2048, 2MB 2048, 4MB 1024, 1GB 0
[    0.011501] Spectre V1 : Mitigation: usercopy/swapgs barriers and __user pointer sanitization
[    0.012003] Spectre V2 : Mitigation: Retpolines
[    0.012475] Spectre V2 : Spectre v2 / SpectreRSB mitigation: Filling RSB on context switch
[    0.013230] Spectre V2 : Spectre v2 / SpectreRSB : Filling RSB on VMEXIT
[    0.019106] Freeing SMP alternatives memory: 36K
[    0.128514] smpboot: CPU0: AMD Ryzen 7 5700G with Radeon Graphics (family: 0x19, model: 0x50, stepping: 0x0)
[    0.129497] Performance Events: PMU not available due to virtualization, using software events only.
[    0.130647] Hierarchical SRCU implementation.
[    0.131539] NMI watchdog: Perf event create on CPU 0 failed with -2
[    0.132000] NMI watchdog: Perf NMI watchdog permanently disabled
[    0.132010] smp: Bringing up secondary CPUs ...
[    0.132397] smp: Brought up 1 node, 1 CPU
[    0.132846] smpboot: Max logical packages: 1
[    0.133323] smpboot: Total of 1 processors activated (7585.72 BogoMIPS)
[    0.134222] devtmpfs: initialized
[    0.134610] x86/mm: Memory block size: 128MB
[    0.135437] evm: security.selinux
[    0.135785] evm: security.SMACK64
[    0.136000] evm: security.SMACK64EXEC
[    0.136004] evm: security.SMACK64TRANSMUTE
[    0.136395] evm: security.SMACK64MMAP
[    0.136741] evm: security.apparmor
[    0.137081] evm: security.ima
[    0.137374] evm: security.capability
[    0.137782] clocksource: jiffies: mask: 0xffffffff max_cycles: 0xffffffff, max_idle_ns: 7645041785100000 ns
[    0.138788] futex hash table entries: 256 (order: 2, 16384 bytes)
[    0.139382] pinctrl core: initialized pinctrl subsystem
[    0.140055] RTC time: 23:35:06, date: 04/30/26
[    0.140539] NET: Registered protocol family 16
[    0.140996] audit: initializing netlink subsys (disabled)
[    0.141621] cpuidle: using governor ladder
[    0.141998] cpuidle: using governor menu
[    0.142491] audit: type=2000 audit(1777592111.556:1): state=initialized audit_enabled=0 res=1
[    0.143249] ACPI: bus type PCI registered
[    0.143711] acpiphp: ACPI Hot Plug PCI Controller Driver version: 0.5
[    0.144069] PCI: Using configuration type 1 for base access
[    0.144544] PCI: Using configuration type 1 for extended access
[    0.145631] HugeTLB registered 2.00 MiB page size, pre-allocated 0 pages
[    0.146417] ACPI: Added _OSI(Module Device)
[    0.146844] ACPI: Added _OSI(Processor Device)
[    0.147376] ACPI: Added _OSI(3.0 _SCP Extensions)
[    0.148003] ACPI: Added _OSI(Processor Aggregator Device)
[    0.148467] ACPI: Added _OSI(Linux-Dell-Video)
[    0.148864] ACPI: Added _OSI(Linux-Lenovo-NV-HDMI-Audio)
[    0.149329] ACPI: Added _OSI(Linux-HPI-Hybrid-Graphics)
[    0.149938] ACPI: Executed 1 blocks of module-level executable AML code
[    0.152209] ACPI: Interpreter enabled
[    0.152655] ACPI: (supports S0 S5)
[    0.153031] ACPI: Using IOAPIC for interrupt routing
[    0.153739] PCI: Using host bridge windows from ACPI; if necessary, use "pci=nocrs" and report a bug
[    0.154764] ACPI: Enabled 2 GPEs in block 00 to 07
[    0.158395] ACPI: PCI Root Bridge [PCI0] (domain 0000 [bus 00-ff])
[    0.158906] acpi PNP0A03:00: _OSC: OS supports [ExtendedConfig ASPM ClockPM Segments MSI]
[    0.160503] acpi PNP0A03:00: _OSC: platform does not support [PCIeCapability]
[    0.161378] acpi PNP0A03:00: _OSC: not requesting control; platform does not support [PCIeCapability]
[    0.162177] acpi PNP0A03:00: _OSC: OS requested [PCIeHotplug PME AER PCIeCapability]
[    0.162846] acpi PNP0A03:00: _OSC: platform willing to grant [PCIeHotplug PME AER]
[    0.164003] acpi PNP0A03:00: _OSC failed (AE_SUPPORT); disabling ASPM
[    0.164729] PCI host bridge to bus 0000:00
[    0.165094] pci_bus 0000:00: root bus resource [io  0x0000-0x0cf7 window]
[    0.165632] pci_bus 0000:00: root bus resource [io  0x0d00-0xffff window]
[    0.166165] pci_bus 0000:00: root bus resource [mem 0x000a0000-0x000bffff window]
[    0.166797] pci_bus 0000:00: root bus resource [mem 0xe0000000-0xfdffffff window]
[    0.167431] pci_bus 0000:00: root bus resource [bus 00-ff]
[    0.168808] pci 0000:00:01.1: legacy IDE quirk: reg 0x10: [io  0x01f0-0x01f7]
[    0.169433] pci 0000:00:01.1: legacy IDE quirk: reg 0x14: [io  0x03f6]
[    0.170129] pci 0000:00:01.1: legacy IDE quirk: reg 0x18: [io  0x0170-0x0177]
[    0.170844] pci 0000:00:01.1: legacy IDE quirk: reg 0x1c: [io  0x0376]
[    0.198457] pci 0000:00:07.0: quirk: [io  0x4000-0x403f] claimed by PIIX4 ACPI
[    0.199213] pci 0000:00:07.0: quirk: [io  0x4100-0x410f] claimed by PIIX4 SMB
[    0.218026] ACPI: PCI Interrupt Link [LNKA] (IRQs 5 9 10 *11)
[    0.218727] ACPI: PCI Interrupt Link [LNKB] (IRQs 5 9 *10 11)
[    0.219439] ACPI: PCI Interrupt Link [LNKC] (IRQs 5 *9 10 11)
[    0.220066] ACPI: PCI Interrupt Link [LNKD] (IRQs 5 9 10 *11)
[    0.220868] SCSI subsystem initialized
[    0.221424] pci 0000:00:02.0: vgaarb: setting as boot VGA device
[    0.222000] pci 0000:00:02.0: vgaarb: VGA device added: decodes=io+mem,owns=io+mem,locks=none
[    0.222752] pci 0000:00:02.0: vgaarb: bridge control possible
[    0.223249] vgaarb: loaded
[    0.224017] ACPI: bus type USB registered
[    0.224408] usbcore: registered new interface driver usbfs
[    0.224888] usbcore: registered new interface driver hub
[    0.225372] usbcore: registered new device driver usb
[    0.225966] EDAC MC: Ver: 3.0.0
[    0.226478] PCI: Using ACPI for IRQ routing
[    0.227031] NetLabel: Initializing
[    0.227370] NetLabel:  domain hash size = 128
[    0.228002] NetLabel:  protocols = UNLABELED CIPSOv4 CALIPSO
[    0.228516] NetLabel:  unlabeled traffic allowed by default
[    0.229094] clocksource: Switched to clocksource kvm-clock
[    0.236288] VFS: Disk quotas dquot_6.6.0
[    0.236861] VFS: Dquot-cache hash table entries: 512 (order 0, 4096 bytes)
[    0.237634] AppArmor: AppArmor Filesystem Enabled
[    0.238071] pnp: PnP ACPI init
[    0.238900] pnp: PnP ACPI: found 3 devices
[    0.244690] clocksource: acpi_pm: mask: 0xffffff max_cycles: 0xffffff, max_idle_ns: 2085701024 ns
[    0.245519] NET: Registered protocol family 2
[    0.245968] IP idents hash table entries: 65536 (order: 7, 524288 bytes)
[    0.246768] TCP established hash table entries: 32768 (order: 6, 262144 bytes)
[    0.247441] TCP bind hash table entries: 32768 (order: 7, 524288 bytes)
[    0.248020] TCP: Hash tables configured (established 32768 bind 32768)
[    0.248599] UDP hash table entries: 2048 (order: 4, 65536 bytes)
[    0.249110] UDP-Lite hash table entries: 2048 (order: 4, 65536 bytes)
[    0.249668] NET: Registered protocol family 1
[    0.250067] pci 0000:00:00.0: Limiting direct PCI/PCI transfers
[    0.250579] pci 0000:00:01.0: Activating ISA DMA hang workarounds
[    0.251108] pci 0000:00:02.0: Video device with shadowed ROM at [mem 0x000c0000-0x000dffff]
[    0.251889] Unpacking initramfs...
[    0.434906] Freeing initrd memory: 20396K
[    0.435375] PCI-DMA: Using software bounce buffering for IO (SWIOTLB)
[    0.435931] software IO TLB: mapped [mem 0xdbff0000-0xdfff0000] (64MB)
[    0.436561] clocksource: tsc: mask: 0xffffffffffffffff max_cycles: 0x6d580438692, max_idle_ns: 881590420392 ns
[    0.437487] platform rtc_cmos: registered platform RTC device (no PNP device found)
[    0.438225] Scanning for low memory corruption every 60 seconds
[    0.439267] Initialise system trusted keyrings
[    0.439777] Key type blacklist registered
[    0.440193] workingset: timestamp_bits=36 max_order=20 bucket_order=0
[    0.441297] zbud: loaded
[    0.441883] squashfs: version 4.0 (2009/01/31) Phillip Lougher
[    0.442433] fuse init (API version 7.26)
[    0.443187] Key type asymmetric registered
[    0.443558] Asymmetric key parser 'x509' registered
[    0.443984] Block layer SCSI generic (bsg) driver version 0.4 loaded (major 246)
[    0.444798] io scheduler noop registered
[    0.445253] io scheduler deadline registered
[    0.445671] io scheduler cfq registered (default)
[    0.446232] ACPI: AC Adapter [AC] (on-line)
[    0.446631] input: Power Button as /devices/LNXSYSTM:00/LNXPWRBN:00/input/input0
[    0.447289] ACPI: Power Button [PWRF]
[    0.447652] input: Sleep Button as /devices/LNXSYSTM:00/LNXSLPBN:00/input/input1
[    0.448302] ACPI: Sleep Button [SLPF]
[    0.448898] Serial: 8250/16550 driver, 32 ports, IRQ sharing enabled
[    0.470063] 00:02: ttyS0 at I/O 0x3f8 (irq = 4, base_baud = 115200) is a 16550A
[    0.471604] Linux agpgart interface v0.103
[    0.473204] loop: module loaded
[    0.473975] scsi host0: ata_piix
[    0.474429] scsi host1: ata_piix
[    0.474776] ata1: PATA max UDMA/33 cmd 0x1f0 ctl 0x3f6 bmdma 0xd000 irq 14
[    0.475348] ata2: PATA max UDMA/33 cmd 0x170 ctl 0x376 bmdma 0xd008 irq 15
[    0.476164] tun: Universal TUN/TAP device driver, 1.6
[    0.476659] PPP generic driver version 2.4.2
[    0.477141] ehci_hcd: USB 2.0 'Enhanced' Host Controller (EHCI) Driver
[    0.477757] ehci-pci: EHCI PCI platform driver
[    0.478172] ehci-platform: EHCI generic platform driver
[    0.478729] ohci_hcd: USB 1.1 'Open' Host Controller (OHCI) Driver
[    0.479409] ohci-pci: OHCI PCI platform driver
[    0.479901] ohci-platform: OHCI generic platform driver
[    0.480527] uhci_hcd: USB Universal Host Controller Interface driver
[    0.481185] i8042: PNP: PS/2 Controller [PNP0303:PS2K,PNP0f03:PS2M] at 0x60,0x64 irq 1,12
[    0.482495] serio: i8042 KBD port at 0x60,0x64 irq 1
[    0.482965] serio: i8042 AUX port at 0x60,0x64 irq 12
[    0.483560] mousedev: PS/2 mouse device common for all mice
[    0.484254] input: AT Translated Set 2 keyboard as /devices/platform/i8042/serio0/input/input2
[    0.485242] rtc_cmos rtc_cmos: rtc core: registered rtc_cmos as rtc0
[    0.485832] rtc_cmos rtc_cmos: alarms up to one day, 114 bytes nvram
[    0.486381] i2c /dev entries driver
[    0.486752] device-mapper: uevent: version 1.0.3
[    0.487202] device-mapper: ioctl: 4.37.0-ioctl (2017-09-20) initialised: dm-devel@redhat.com
[    0.488124] ledtrig-cpu: registered to indicate activity on CPUs
[    0.488952] NET: Registered protocol family 10
[    0.491392] Segment Routing with IPv6
[    0.491760] NET: Registered protocol family 17
[    0.492238] Key type dns_resolver registered
[    0.492795] mce: Using 0 MCE banks
[    0.493142] RAS: Correctable Errors collector initialized.
[    0.493648] sched_clock: Marking stable (492197286, 0)->(626006918, -133809632)
[    0.494395] registered taskstats version 1
[    0.494783] Loading compiled-in X.509 certificates
[    0.496249] Loaded X.509 cert 'Build time autogenerated kernel key: cdc7189136aaa35407544516090e2034d9c28e14'
[    0.497419] Loaded X.509 cert 'Canonical Ltd. Live Patch Signing: 14df34d1a87cf37625abec039ef2bf521249b969'
[    0.498556] Loaded X.509 cert 'Canonical Ltd. Kernel Module Signing: 88f752e560a1e0737e31163a466ad7b70a850c19'
[    0.499409] blacklist: Loading compiled-in revocation X.509 certificates
[    0.499987] Loaded X.509 cert 'Canonical Ltd. Secure Boot Signing: 61482aa2830d0ab2ad5af10b7250da9033ddcef0'
[    0.501015] Loaded X.509 cert 'Canonical Ltd. Secure Boot Signing (2017): 242ade75ac4a15e50d50c84b0d45ff3eae707a03'
[    0.502147] Loaded X.509 cert 'Canonical Ltd. Secure Boot Signing (ESM 2018): 365188c1d374d6b07c3c8f240f8ef722433d6a8b'
[    0.503205] Loaded X.509 cert 'Canonical Ltd. Secure Boot Signing (2019): c0746fd6c5da3ae827864651ad66ae47fe24b3e8'
[    0.504185] Loaded X.509 cert 'Canonical Ltd. Secure Boot Signing (2021 v1): a8d54bbb3825cfb94fa13c9f8a594a195c107b8d'
[    0.505146] Loaded X.509 cert 'Canonical Ltd. Secure Boot Signing (2021 v2): 4cf046892d6fd3c9a5b03f98d845f90851dc6a8c'
[    0.506079] Loaded X.509 cert 'Canonical Ltd. Secure Boot Signing (2021 v3): 100437bb6de6e469b581e61cd66bce3ef4ed53af'
[    0.507004] Loaded X.509 cert 'Canonical Ltd. Secure Boot Signing (Ubuntu Core 2019): c1d57b8f6b743f23ee41f4f7ee292f06eecadfb9'
[    0.508062] zswap: loaded using pool lzo/zbud
[    0.510054] Key type big_key registered
[    0.510439] Key type trusted registered
[    0.511484] Key type encrypted registered
[    0.511954] AppArmor: AppArmor sha1 policy hashing enabled
[    0.512581] ima: No TPM chip found, activating TPM-bypass! (rc=-19)
[    0.513154] ima: Allocated hash algorithm: sha1
[    0.513654] evm: HMAC attrs: 0x1
[    0.514140]   Magic number: 6:713:606
[    0.514562] rtc_cmos rtc_cmos: setting system clock to 2026-04-30 23:35:07 UTC (1777592107)
[    0.515466] BIOS EDD facility v0.16 2004-Jun-25, 0 devices found
[    0.515985] EDD information not available.
[    0.659194] Freeing unused kernel image memory: 2480K
[    0.668046] Write protecting the kernel read-only data: 20480k
[    0.669133] Freeing unused kernel image memory: 2008K
[    0.669852] Freeing unused kernel image memory: 1820K
[    0.674289] x86/mm: Checked W+X mappings: passed, no W+X pages found.
Loading, please wait...
starting version 237
[    0.733331] e1000: Intel(R) PRO/1000 Network Driver - version 7.3.21-k8-NAPI
[    0.734003] e1000: Copyright (c) 1999-2006 Intel Corporation.
[    0.738267] Fusion MPT base driver 3.04.20
[    0.739359] Copyright (c) 1999-2008 LSI Corporation
[    0.747150] Fusion MPT SPI Host driver 3.04.20
[    0.755166] AVX2 version of gcm_enc/dec engaged.
[    0.755712] AES CTR mode by8 optimization enabled
[    0.947103] input: ImExPS/2 Generic Explorer Mouse as /devices/platform/i8042/serio1/input/input4
[    1.095142] e1000 0000:00:03.0 eth0: (PCI:33MHz:32-bit) 02:3b:7b:b7:3b:2d
[    1.095813] e1000 0000:00:03.0 eth0: Intel(R) PRO/1000 Network Connection
[    1.097114] mptbase: ioc0: Initiating bringup
[    1.204262] ioc0: LSI53C1030 A0: Capabilities={Initiator}
[    1.444740] scsi host2: ioc0: LSI53C1030 A0, FwRev=00000000h, Ports=1, MaxQ=256, IRQ=20
[    1.612293] scsi 2:0:0:0: Direct-Access     VBOX     HARDDISK         1.0  PQ: 0 ANSI: 5
[    1.613140] scsi target2:0:0: Beginning Domain Validation
[    1.614835] scsi target2:0:0: Domain Validation skipping write tests
[    1.615397] scsi target2:0:0: Ending Domain Validation
[    1.615964] scsi target2:0:0: asynchronous
[    1.616610] scsi 2:0:1:0: Direct-Access     VBOX     HARDDISK         1.0  PQ: 0 ANSI: 5
[    1.617326] scsi target2:0:1: Beginning Domain Validation
[    1.618190] scsi target2:0:1: Domain Validation skipping write tests
[    1.618734] scsi target2:0:1: Ending Domain Validation
[    1.619206] scsi target2:0:1: asynchronous
[    1.621674] sd 2:0:0:0: [sda] 83886080 512-byte logical blocks: (42.9 GB/40.0 GiB)
[    1.622388] sd 2:0:0:0: [sda] Write Protect is off
[    1.622851] sd 2:0:0:0: [sda] Write cache: enabled, read cache: enabled, supports DPO and FUA
[    1.623904] sd 2:0:0:0: Attached scsi generic sg0 type 0
[    1.624901] sd 2:0:1:0: [sdb] 20480 512-byte logical blocks: (10.5 MB/10.0 MiB)
[    1.625624] sd 2:0:1:0: [sdb] Write Protect is off
[    1.626101] sd 2:0:1:0: [sdb] Write cache: enabled, read cache: enabled, supports DPO and FUA
[    1.627176] sd 2:0:1:0: Attached scsi generic sg1 type 0
[    1.632196]  sda: sda1
[    1.632856] sd 2:0:0:0: [sda] Attached SCSI disk
[    1.633702] sd 2:0:1:0: [sdb] Attached SCSI disk
[    1.956188] e1000 0000:00:08.0 eth1: (PCI:33MHz:32-bit) 08:00:27:3e:f4:24
[    1.956848] e1000 0000:00:08.0 eth1: Intel(R) PRO/1000 Network Connection
[    1.958317] e1000 0000:00:08.0 enp0s8: renamed from eth1
[    1.959836] e1000 0000:00:03.0 enp0s3: renamed from eth0
Begin: Loading essential drivers ... [    3.324026] raid6: sse2x1   gen()  7083 MB/s
[    3.372086] raid6: sse2x1   xor() 12667 MB/s
[    3.420057] raid6: sse2x2   gen() 13089 MB/s
[    3.468045] raid6: sse2x2   xor() 15235 MB/s
[    3.516045] raid6: sse2x4   gen() 20942 MB/s
[    3.564086] raid6: sse2x4   xor() 10939 MB/s
[    3.612058] raid6: avx2x1   gen() 14365 MB/s
[    3.660059] raid6: avx2x1   xor() 22991 MB/s
[    3.708055] raid6: avx2x2   gen() 24327 MB/s
[    3.756027] raid6: avx2x2   xor() 28069 MB/s
[    3.804056] raid6: avx2x4   gen() 32247 MB/s
[    3.852066] raid6: avx2x4   xor() 12426 MB/s
[    3.852538] raid6: using algorithm avx2x4 gen() 32247 MB/s
[    3.853031] raid6: .... xor() 12426 MB/s, rmw enabled
[    3.853629] raid6: using avx2x2 recovery algorithm
[    3.857012] xor: automatically using best checksumming function   avx       
[    3.859031] async_tx: api initialized (async)
done.
Begin: Running /scripts/init-premount ... done.
Begin: Mounting root file system ... Begin: Running /scripts/local-top ... done.
Begin: Running /scripts/local-premount ... [    3.895908] Btrfs loaded, crc32c=crc32c-intel
Scanning for Btrfs filesystems
done.
Begin: Will now check root file system ... fsck from util-linux 2.31.1
[/sbin/fsck.ext4 (1) -- /dev/sda1] fsck.ext4 -a -C0 /dev/sda1 
cloudimg-rootfs: clean, 99280/5120000 files, 757238/10485499 blocks
done.
[    3.946469] EXT4-fs (sda1): mounted filesystem with ordered data mode. Opts: (null)
done.
Begin: Running /scripts/local-bottom ... done.
Begin: Running /scripts/init-bottom ... done.
[    4.133963] ip_tables: (C) 2000-2006 Netfilter Core Team
[    4.143424] systemd[1]: systemd 237 running in system mode. (+PAM +AUDIT +SELINUX +IMA +APPARMOR +SMACK +SYSVINIT +UTMP +LIBCRYPTSETUP +GCRYPT +GNUTLS +ACL +XZ +LZ4 +SECCOMP +BLKID +ELFUTILS +KMOD -IDN2 +IDN -PCRE2 default-hierarchy=hybrid)
[    4.145516] systemd[1]: Detected virtualization oracle.
[    4.146108] systemd[1]: Detected architecture x86-64.

Welcome to [1mUbuntu 18.04.6 LTS[0m!

[    4.150172] systemd[1]: Set hostname to <cliente>.
[    4.377019] systemd[1]: Created slice User and Session Slice.
[[0;32m  OK  [0m] Created slice User and Session Slice.
[    4.378041] systemd[1]: Started Forward Password Requests to Wall Directory Watch.
[[0;32m  OK  [0m] Started Forward Password Requests to Wall Directory Watch.
[    4.379127] systemd[1]: Reached target Swap.
[[0;32m  OK  [0m] Reached target Swap.
[    4.380173] systemd[1]: Created slice System Slice.
[[0;32m  OK  [0m] Created slice System Slice.
[    4.381022] systemd[1]: Listening on fsck to fsckd communication Socket.
[[0;32m  OK  [0m] Listening on fsck to fsckd communication Socket.
[    4.382050] systemd[1]: Listening on Journal Socket (/dev/log).
[[0;32m  OK  [0m] Listening on Journal Socket (/dev/log).
[[0;32m  OK  [0m] Listening on LVM2 poll daemon socket.
[[0;32m  OK  [0m] Listening on Journal Audit Socket.
[[0;32m  OK  [0m] Listening on Device-mapper event daemon FIFOs.
[[0;32m  OK  [0m] Listening on Syslog Socket.
[[0;32m  OK  [0m] Listening on Journal Socket.
         Mounting POSIX Message Queue File System...
         Starting Set the console keyboard layout...
         Starting Load Kernel Modules...
         Mounting Kernel Debug File System...
         Starting Journal Service...
         Starting Uncomplicated firewall...
[[0;32m  OK  [0m] Created slice system-serial\x2dgetty.slice.
[[0;32m  OK  [0m] Listening on udev Kernel Socket.
[[0;32m  OK  [0m] Reached target User and Group Name Lookups.
[[0;32m  OK  [0m] Set up automount Arbitrary Executab…rmats File System Automount Point.
[    4.425453] Loading iSCSI transport class v2.0-870.
[    4.429875] iscsi: registered transport (tcp)
[    4.442602] iscsi: registered transport (iser)
[[0;32m  OK  [0m] Listening on LVM2 metadata daemon socket.
         Starting Monitoring of LVM2 mirrors…ng dmeventd or progress polling...
         Mounting Huge Pages File System...
[[0;32m  OK  [0m] Reached target System Time Synchronized.
         Starting Create list of required st…ce nodes for the current kernel...
[[0;32m  OK  [0m] Listening on Network Service Netlink Socket.
[[0;32m  OK  [0m] Listening on /dev/initctl Compatibility Named Pipe.
         Starting Remount Root and Kernel File Systems...
[[0;32m  OK  [0m] Listening on udev Control Socket.
         Starting udev Coldplug all Devices...
[[0;32m  OK  [0m] Reached target Mounting snaps.
[[0;32m  OK  [0m] Reached target Mounted snaps.
[[0;32m  OK  [0m] Reached target Slices.
[[0;32m  OK  [0m] Started Journal Service.
[[0;32m  OK  [0m] Started Load Kernel Modules.
[[0;32m  OK  [0m] Started Uncomplicated firewall.
[[0;32m  OK  [0m] Mounted POSIX Message Queue File System.
         Starting Apply Kernel Variables...
         Mounting FUSE Control File System...
         Mounting Kernel Configuration File System...
[[0;32m  OK  [0m] Mounted Kernel Debug File System.
[[0;32m  OK  [0m] Mounted Huge Pages File System.
[[0;32m  OK  [0m] Mounted Kernel Configuration File System.
[[0;32m  OK  [0m] Mounted FUSE Control File System.
[[0;32m  OK  [0m] Started Create list of required sta…vice nodes for the current kernel.
         Starting Create Static Device Nodes in /dev...
[    4.508228] EXT4-fs (sda1): re-mounted. Opts: (null)
[[0;32m  OK  [0m] Started Remount Root and Kernel File Systems.
         Starting Load/Save Random Seed...
         Starting Flush Journal to Persistent Storage...
[[0;32m  OK  [0m] Started udev Coldplug all Devices.
[[0;32m  OK  [0m] Started Create Static Device Nodes in /dev.
[[0;32m  OK  [0m] Started LVM2 metadata daemon.
         Starting udev Kernel Device Manager...
[[0;32m  OK  [0m] Started Load/Save Random Seed.
[[0;32m  OK  [0m] Started Apply Kernel Variables.
[[0;32m  OK  [0m] Started udev Kernel Device Manager.
[[0;32m  OK  [0m] Started Monitoring of LVM2 mirrors,…sing dmeventd or progress polling.
[[0;32m  OK  [0m] Started Flush Journal to Persistent Storage.
[[0;32m  OK  [0m] Started Set the console keyboard layout.
[[0;32m  OK  [0m] Reached target Local File Systems (Pre).
[[0;32m  OK  [0m] Reached target Local File Systems.
         Starting AppArmor initialization...
         Starting Set console font and keymap...
         Starting Tell Plymouth To Write Out Runtime Data...
         Starting ebtables ruleset management...
         Starting Create Volatile Files and Directories...
[[0;32m  OK  [0m] Started Dispatch Password Requests to Console Directory Watch.
[[0;32m  OK  [0m] Reached target Local Encrypted Volumes.
[[0;32m  OK  [0m] Started Set console font and keymap.
[[0;32m  OK  [0m] Started Tell Plymouth To Write Out Runtime Data.
[[0;32m  OK  [0m] Started Create Volatile Files and Directories.
         Starting Update UTMP about System Boot/Shutdown...
[[0;32m  OK  [0m] Started Update UTMP about System Boot/Shutdown.
[[0;32m  OK  [0m] Started ebtables ruleset management.
[[0;32m  OK  [0m] Found device /dev/ttyS0.
[[0;32m  OK  [0m] Started AppArmor initialization.
         Starting Load AppArmor profiles managed internally by snapd...
         Starting Initial cloud-init job (pre-networking)...
         Mounting Arbitrary Executable File Formats File System...
[[0;32m  OK  [0m] Listening on Load/Save RF Kill Switch Status /dev/rfkill Watch.
[[0;32m  OK  [0m] Mounted Arbitrary Executable File Formats File System.
[[0;32m  OK  [0m] Started Load AppArmor profiles managed internally by snapd.
[    5.939107] cloud-init[548]: Cloud-init v. 23.1.2-0ubuntu0~18.04.1 running 'init-local' at Thu, 30 Apr 2026 23:35:12 +0000. Up 5.82 seconds.
[[0;32m  OK  [0m] Started Initial cloud-init job (pre-networking).
[[0;32m  OK  [0m] Reached target Network (Pre).
         Starting Network Service...
[[0;32m  OK  [0m] Started Network Service.
         Starting Wait for Network to be Configured...
         Starting Network Name Resolution...
[[0;32m  OK  [0m] Started Network Name Resolution.
[[0;32m  OK  [0m] Reached target Network.
[[0;32m  OK  [0m] Reached target Host and Network Name Lookups.
[[0;32m  OK  [0m] Started Wait for Network to be Configured.
         Starting Initial cloud-init job (metadata service crawler)...
[    8.383343] cloud-init[655]: Cloud-init v. 23.1.2-0ubuntu0~18.04.1 running 'init' at Thu, 30 Apr 2026 23:35:15 +0000. Up 8.28 seconds.
[    8.383937] cloud-init[655]: ci-info: +++++++++++++++++++++++++++++++++++++++++++Net device info++++++++++++++++++++++++++++++++++++++++++++
[    8.385207] cloud-init[655]: ci-info: +--------+------+---------------------------------------+---------------+--------+-------------------+
[    8.385830] cloud-init[655]: ci-info: | Device |  Up  |                Address                |      Mask     | Scope  |     Hw-Address    |
[    8.386557] cloud-init[655]: ci-info: +--------+------+---------------------------------------+---------------+--------+-------------------+
[    8.388115] cloud-init[655]: ci-info: | enp0s3 | True |               10.0.2.15               | 255.255.255.0 | global | 02:3b:7b:b7:3b:2d |
[    8.388746] cloud-init[655]: ci-info: | enp0s3 | True | fd17:625c:f037:2:3b:7bff:feb7:3b2d/64 |       .       | global | 02:3b:7b:b7:3b:2d |
[    8.389386] cloud-init[655]: ci-info: | enp0s3 | True |       fe80::3b:7bff:feb7:3b2d/64      |       .       |  link  | 02:3b:7b:b7:3b:2d |
[    8.390620] cloud-init[655]: ci-info: | enp0s8 | True |              192.168.58.6             | 255.255.255.0 | global | 08:00:27:3e:f4:24 |
[    8.391979] cloud-init[655]: ci-info: | enp0s8 | True |      fe80::a00:27ff:fe3e:f424/64      |       .       |  link  | 08:00:27:3e:f4:24 |
[    8.394187] cloud-init[655]: ci-info: |   lo   | True |               127.0.0.1               |   255.0.0.0   |  host  |         .         |
[    8.395002] cloud-init[655]: ci-info: |   lo   | True |                ::1/128                |       .       |  host  |         .         |
[    8.397045] cloud-init[655]: ci-info: +--------+------+---------------------------------------+---------------+--------+-------------------+
[    8.397777] cloud-init[655]: ci-info: +++++++++++++++++++++++++++++++Route IPv4 info+++++++++++++++++++++++++++++++
[    8.399466] cloud-init[655]: ci-info: +-------+--------------+--------------+-----------------+-----------+-------+
[    8.400082] cloud-init[655]: ci-info: | Route | Destination  |   Gateway    |     Genmask     | Interface | Flags |
[    8.401969] cloud-init[655]: ci-info: +-------+--------------+--------------+-----------------+-----------+-------+
[    8.402482] cloud-init[655]: ci-info: |   0   |   0.0.0.0    |   10.0.2.2   |     0.0.0.0     |   enp0s3  |   UG  |
[    8.402966] cloud-init[655]: ci-info: |   1   |   0.0.0.0    | 192.168.58.1 |     0.0.0.0     |   enp0s8  |   UG  |
[    8.404107] cloud-init[655]: ci-info: |   2   |   10.0.2.0   |   0.0.0.0    |  255.255.255.0  |   enp0s3  |   U   |
[    8.406472] cloud-init[655]: ci-info: |   3   |   10.0.2.2   |   0.0.0.0    | 255.255.255.255 |   enp0s3  |   UH  |
[    8.407025] cloud-init[655]: ci-info: |   4   | 192.168.58.0 |   0.0.0.0    |  255.255.255.0  |   enp0s8  |   U   |
[    8.408108] cloud-init[655]: ci-info: |   5   | 192.168.58.1 |   0.0.0.0    | 255.255.255.255 |   enp0s8  |   UH  |
[    8.408667] cloud-init[655]: ci-info: +-------+--------------+--------------+-----------------+-----------+-------+
[    8.409209] cloud-init[655]: ci-info: ++++++++++++++++++++++++Route IPv6 info++++++++++++++++++++++++
[    8.410753] cloud-init[655]: ci-info: +-------+-----------------------+---------+-----------+-------+
[    8.411299] cloud-init[655]: ci-info: | Route |      Destination      | Gateway | Interface | Flags |
[    8.413898] cloud-init[655]: ci-info: +-------+-----------------------+---------+-----------+-------+
[    8.414443] cloud-init[655]: ci-info: |   1   | fd17:625c:f037:2::/64 |    ::   |   enp0s3  |   U   |
[    8.415040] cloud-init[655]: ci-info: |   2   |       fe80::/64       |    ::   |   enp0s8  |   U   |
[    8.416056] cloud-init[655]: ci-info: |   3   |       fe80::/64       |    ::   |   enp0s3  |   U   |
[    8.419247] cloud-init[655]: ci-info: |   4   |          ::/0         | fe80::2 |   enp0s3  |   UG  |
[    8.419867] cloud-init[655]: ci-info: |   6   |         local         |    ::   |   enp0s3  |   U   |
[    8.420566] cloud-init[655]: ci-info: |   7   |         local         |    ::   |   enp0s8  |   U   |
[    8.422625] cloud-init[655]: ci-info: |   8   |        ff00::/8       |    ::   |   enp0s8  |   U   |
[    8.423116] cloud-init[655]: ci-info: |   9   |        ff00::/8       |    ::   |   enp0s3  |   U   |
[    8.424129] cloud-init[655]: ci-info: +-------+-----------------------+---------+-----------+-------+
[[0;32m  OK  [0m] Started Initial cloud-init job (metadata service crawler).
[[0;32m  OK  [0m] Reached target Cloud-config availability.
[[0;32m  OK  [0m] Reached target Network is Online.
[[0;32m  OK  [0m] Reached target Remote File Systems (Pre).
         Mounting /vagrant...
         Starting Availability of block devices...
[[0;32m  OK  [0m] Reached target System Initialization.
[[0;32m  OK  [0m] Listening on D-Bus System Message Bus Socket.
[[0;32m  OK  [0m] Started Daily Cleanup of Temporary Directories.
[[0;32m  OK  [0m] Started ACPI Events Check.
[[0;32m  OK  [0m] Listening on cloud-init hotplug hook socket.
[[0;32m  OK  [0m] Started Message of the Day.
         Starting LXD - unix socket.
[[0;32m  OK  [0m] Listening on ACPID Listen Socket.
[[0;32m  OK  [0m] Started Discard unused blocks once a week.
[[0;32m  OK  [0m] Reached target Paths.
[[0;32m  OK  [0m] Listening on UUID daemon activation socket.
[[0;32m  OK  [0m] Started Daily apt download activities.
[[0;32m  OK  [0m] Started Daily apt upgrade and clean activities.
[[0;32m  OK  [0m] Reached target Timers.
[[0;32m  OK  [0m] Listening on Open-iSCSI iscsid Socket.
         Starting Socket activation for snappy daemon.
[[0;32m  OK  [0m] Started Availability of block devices.
[[0;32m  OK  [0m] Listening on LXD - unix socket.
[[0;32m  OK  [0m] Listening on Socket activation for snappy daemon.
[[0;32m  OK  [0m] Reached target Sockets.
[[0;32m  OK  [0m] Reached target Basic System.
         Starting Virtualbox guest utils...
         Starting Accounts Service...
[[0;32m  OK  [0m] Started FUSE filesystem for LXC.
         Starting Login Service...
         Starting Pollinate to seed the pseudo random number generator...
[[0;32m  OK  [0m] Started D-Bus System Message Bus.
[[0;32m  OK  [0m] Started irqbalance daemon.
         Starting LSB: Record successful boot for GRUB...
         Starting LXD - container startup/shutdown...
         Starting System Logging Service...
[[0;32m  OK  [0m] Started Deferred execution scheduler.
         Starting Dispatcher daemon for systemd-networkd...
[[0;32m  OK  [0m] Reached target Login Prompts (Pre).
[[0;32m  OK  [0m] Started Regular background program processing daemon.
         Starting Snap Daemon...
[[0;32m  OK  [0m] Mounted /vagrant.
[[0;32m  OK  [0m] Started Login Service.
         Starting Authorization Manager...
[[0;32m  OK  [0m] Started Unattended Upgrades Shutdown.
         Starting Hostname Service...
[[0;32m  OK  [0m] Reached target Remote File Systems.
         Starting LSB: automatic crash report generation...
         Starting Permit User Sessions...
[[0;32m  OK  [0m] Started System Logging Service.
[[0;32m  OK  [0m] Started Authorization Manager.
[[0;32m  OK  [0m] Started Accounts Service.
[[0;32m  OK  [0m] Started Permit User Sessions.
         Starting Hold until boot process finishes up...
         Starting Terminate Plymouth Boot Screen...
[[0;32m  OK  [0m] Started Hold until boot process finishes up.
         Starting Set console scheme...
[[0;32m  OK  [0m] Started Serial Getty on ttyS0.
[[0;32m  OK  [0m] Started Hostname Service.
[[0;32m  OK  [0m] Started Terminate Plymouth Boot Screen.
[[0;32m  OK  [0m] Started Set console scheme.
[[0;32m  OK  [0m] Created slice system-getty.slice.
[[0;32m  OK  [0m] Started Getty on tty1.
[[0;32m  OK  [0m] Reached target Login Prompts.
[[0;32m  OK  [0m] Started Virtualbox guest utils.
[[0;32m  OK  [0m] Started LSB: automatic crash report generation.
[[0;32m  OK  [0m] Started LSB: Record successful boot for GRUB.
[[0;32m  OK  [0m] Started LXD - container startup/shutdown.
[[0;32m  OK  [0m] Started Dispatcher daemon for systemd-networkd.
[[0;32m  OK  [0m] Started Snap Daemon.
         Starting Wait until snapd is fully seeded...
         Starting Time & Date Service...
[[0;32m  OK  [0m] Started Time & Date Service.
[[0;32m  OK  [0m] Started Wait until snapd is fully seeded.
         Starting Apply the settings specified in cloud-config...
[[0;32m  OK  [0m] Started Pollinate to seed the pseudo random number generator.
         Starting OpenBSD Secure Shell server...
[[0;32m  OK  [0m] Started OpenBSD Secure Shell server.
[[0;32m  OK  [0m] Reached target Multi-User System.
[[0;32m  OK  [0m] Reached target Graphical Interface.
         Starting Update UTMP about System Runlevel Changes...
[[0;32m  OK  [0m] Started Update UTMP about System Runlevel Changes.
[   10.250094] cloud-init[1069]: Cloud-init v. 23.1.2-0ubuntu0~18.04.1 running 'modules:config' at Thu, 30 Apr 2026 23:35:17 +0000. Up 10.18 seconds.
[[0;32m  OK  [0m] Started Apply the settings specified in cloud-config.
         Starting Execute cloud user/final scripts...
[   10.724019] cloud-init[1129]: Cloud-init v. 23.1.2-0ubuntu0~18.04.1 running 'modules:final' at Thu, 30 Apr 2026 23:35:17 +0000. Up 10.59 seconds.
[   10.724776] cloud-init[1129]: Cloud-init v. 23.1.2-0ubuntu0~18.04.1 finished at Thu, 30 Apr 2026 23:35:17 +0000. Datasource DataSourceNoCloud [seed=/dev/sdb][dsmode=net].  Up 10.71 seconds
[[0;32m  OK  [0m] Started Execute cloud user/final scripts.
[[0;32m  OK  [0m] Reached target Cloud-init target.

Ubuntu 18.04.6 LTS cliente ttyS0

cliente login: 